25-07-13.14:27:49.130 [main            ] INFO  ITradeLockOrderServiceTest - Starting ITradeLockOrderServiceTest using Java 1.8.0_341 on wzy with PID 11952 (started by 吴泽宇 in C:\Users\吴泽宇\group-buy-market\group-buy-market-app)
25-07-13.14:27:49.131 [main            ] INFO  ITradeLockOrderServiceTest - The following 1 profile is active: "dev"
25-07-13.14:27:50.325 [main            ] INFO  RepositoryConfigurationDelegate - Multiple Spring Data modules found, entering strict repository configuration mode
25-07-13.14:27:50.329 [main            ] INFO  RepositoryConfigurationDelegate - Bootstrapping Spring Data Redis repositories in DEFAULT mode.
25-07-13.14:27:50.408 [main            ] INFO  RepositoryConfigurationDelegate - Finished Spring Data repository scanning in 60 ms. Found 0 Redis repository interfaces.
25-07-13.14:27:50.912 [main            ] INFO  PostProcessorRegistrationDelegate$BeanPostProcessorChecker - Bean 'redisClientConfig' of type [com.wuzeyu.config.RedisClientConfig$$EnhancerBySpringCGLIB$$992cfa8e] is not eligible for getting processed by all BeanPostProcessors (for example: not eligible for auto-proxying)
25-07-13.14:27:51.449 [main            ] INFO  PostProcessorRegistrationDelegate$BeanPostProcessorChecker - Bean 'redis.sdk.config-com.wuzeyu.config.RedisClientConfigProperties' of type [com.wuzeyu.config.RedisClientConfigProperties] is not eligible for getting processed by all BeanPostProcessors (for example: not eligible for auto-proxying)
25-07-13.14:27:51.817 [main            ] INFO  Version                - Redisson 3.26.0
25-07-13.14:27:52.584 [redisson-netty-1-6] INFO  ConnectionsHolder      - 1 connections initialized for 47.122.26.159/47.122.26.159:6379
25-07-13.14:27:52.826 [redisson-netty-1-13] INFO  ConnectionsHolder      - 5 connections initialized for 47.122.26.159/47.122.26.159:6379
25-07-13.14:27:52.899 [main            ] INFO  PostProcessorRegistrationDelegate$BeanPostProcessorChecker - Bean 'redissonClient' of type [org.redisson.Redisson] is not eligible for getting processed by all BeanPostProcessors (for example: not eligible for auto-proxying)
25-07-13.14:27:54.172 [main            ] INFO  Version                - Redisson 3.26.0
25-07-13.14:27:54.300 [redisson-netty-5-6] INFO  ConnectionsHolder      - 1 connections initialized for 47.122.26.159/47.122.26.159:6379
25-07-13.14:27:54.584 [redisson-netty-5-13] INFO  ConnectionsHolder      - 5 connections initialized for 47.122.26.159/47.122.26.159:6379
25-07-13.14:27:57.024 [main            ] INFO  EndpointLinksResolver  - Exposing 1 endpoint(s) beneath base path '/actuator'
25-07-13.14:27:57.110 [main            ] INFO  ITradeLockOrderServiceTest - Started ITradeLockOrderServiceTest in 8.567 seconds (JVM running for 10.286)
25-07-13.14:27:57.616 [main            ] INFO  RootNode               - 拼团商品查询试算服务-RootNode userId:test_wzy_1 requestParameter:{"activityId":100123,"channel":"c01","goodsId":"9890001","source":"s01","userId":"test_wzy_1"}
25-07-13.14:27:57.629 [main            ] INFO  SwitchNode             - 拼团商品查询试算服务-SwitchNode userId:test_wzy_1 requestParameter:{"activityId":100123,"channel":"c01","goodsId":"9890001","source":"s01","userId":"test_wzy_1"}
25-07-13.14:27:57.667 [pool-2-thread-1 ] INFO  HikariDataSource       - HikariPool-1 - Starting...
25-07-13.14:27:58.349 [pool-2-thread-1 ] INFO  HikariDataSource       - HikariPool-1 - Start completed.
25-07-13.14:27:58.495 [main            ] INFO  MarketNode             - 拼团商品查询试算服务-MarketNode userId:test_wzy_1 异步线程加载数据「GroupBuyActivityDiscountVO、SkuVO」完成
25-07-13.14:27:58.495 [main            ] INFO  MarketNode             - 拼团商品查询试算服务-MarketNode userId:test_wzy_1 requestParameter:{"activityId":100123,"channel":"c01","goodsId":"9890001","source":"s01","userId":"test_wzy_1"}
25-07-13.14:27:58.495 [main            ] INFO  MJCalculateService     - 优惠策略折扣计算: 0
25-07-13.14:27:58.654 [main            ] ERROR RoaringBitmapService   - 反序列化 RoaringBitmap 失败 
java.io.IOException: org.roaringbitmap.InvalidRoaringFormat: I failed to find a valid cookie.
	at org.roaringbitmap.InvalidRoaringFormat.toIOException(InvalidRoaringFormat.java:36)
	at org.roaringbitmap.RoaringBitmap.deserialize(RoaringBitmap.java:1713)
	at com.wuzeyu.infrastructure.redis.RoaringBitmapService.getRoaringBitmap(RoaringBitmapService.java:91)
	at com.wuzeyu.infrastructure.adapter.repository.ActivityRepository.isTagCrowdRange(ActivityRepository.java:126)
	at com.wuzeyu.infrastructure.adapter.repository.ActivityRepository$$FastClassBySpringCGLIB$$6f0f028f.invoke(<generated>)
	at org.springframework.cglib.proxy.MethodProxy.invoke(MethodProxy.java:218)
	at org.springframework.aop.framework.CglibAopProxy$CglibMethodInvocation.invokeJoinpoint(CglibAopProxy.java:793)
	at org.springframework.aop.framework.ReflectiveMethodInvocation.proceed(ReflectiveMethodInvocation.java:163)
	at org.springframework.aop.framework.CglibAopProxy$CglibMethodInvocation.proceed(CglibAopProxy.java:763)
	at org.springframework.dao.support.PersistenceExceptionTranslationInterceptor.invoke(PersistenceExceptionTranslationInterceptor.java:137)
	at org.springframework.aop.framework.ReflectiveMethodInvocation.proceed(ReflectiveMethodInvocation.java:186)
	at org.springframework.aop.framework.CglibAopProxy$CglibMethodInvocation.proceed(CglibAopProxy.java:763)
	at org.springframework.aop.framework.CglibAopProxy$DynamicAdvisedInterceptor.intercept(CglibAopProxy.java:708)
	at com.wuzeyu.infrastructure.adapter.repository.ActivityRepository$$EnhancerBySpringCGLIB$$e9310bc5.isTagCrowdRange(<generated>)
	at com.wuzeyu.domain.activity.service.trial.node.TagNode.doApply(TagNode.java:42)
	at com.wuzeyu.domain.activity.service.trial.node.TagNode.doApply(TagNode.java:20)
	at com.wuzeyu.types.design.framework.tree.AbstractMultiThreadStrategyRouter.apply(AbstractMultiThreadStrategyRouter.java:33)
	at com.wuzeyu.types.design.framework.tree.AbstractMultiThreadStrategyRouter.router(AbstractMultiThreadStrategyRouter.java:22)
	at com.wuzeyu.domain.activity.service.trial.node.MarketNode.doApply(MarketNode.java:94)
	at com.wuzeyu.domain.activity.service.trial.node.MarketNode.doApply(MarketNode.java:28)
	at com.wuzeyu.types.design.framework.tree.AbstractMultiThreadStrategyRouter.apply(AbstractMultiThreadStrategyRouter.java:33)
	at com.wuzeyu.types.design.framework.tree.AbstractMultiThreadStrategyRouter.router(AbstractMultiThreadStrategyRouter.java:22)
	at com.wuzeyu.domain.activity.service.trial.node.SwitchNode.doApply(SwitchNode.java:47)
	at com.wuzeyu.domain.activity.service.trial.node.SwitchNode.doApply(SwitchNode.java:21)
	at com.wuzeyu.types.design.framework.tree.AbstractMultiThreadStrategyRouter.apply(AbstractMultiThreadStrategyRouter.java:33)
	at com.wuzeyu.types.design.framework.tree.AbstractMultiThreadStrategyRouter.router(AbstractMultiThreadStrategyRouter.java:22)
	at com.wuzeyu.domain.activity.service.trial.node.RootNode.doApply(RootNode.java:44)
	at com.wuzeyu.domain.activity.service.trial.node.RootNode.doApply(RootNode.java:22)
	at com.wuzeyu.types.design.framework.tree.AbstractMultiThreadStrategyRouter.apply(AbstractMultiThreadStrategyRouter.java:33)
	at com.wuzeyu.domain.activity.service.IIndexGroupBuyMarketServiceImpl.indexMarketTrial(IIndexGroupBuyMarketServiceImpl.java:33)
	at com.wuzeyu.test.domain.trade.ITradeLockOrderServiceTest.test_lockMarketPayOrder(ITradeLockOrderServiceTest.java:48)
	at sun.reflect.NativeMethodAccessorImpl.invoke0(Native Method)
	at sun.reflect.NativeMethodAccessorImpl.invoke(NativeMethodAccessorImpl.java:62)
	at sun.reflect.DelegatingMethodAccessorImpl.invoke(DelegatingMethodAccessorImpl.java:43)
	at java.lang.reflect.Method.invoke(Method.java:498)
	at org.junit.runners.model.FrameworkMethod$1.runReflectiveCall(FrameworkMethod.java:59)
	at org.junit.internal.runners.model.ReflectiveCallable.run(ReflectiveCallable.java:12)
	at org.junit.runners.model.FrameworkMethod.invokeExplosively(FrameworkMethod.java:56)
	at org.junit.internal.runners.statements.InvokeMethod.evaluate(InvokeMethod.java:17)
	at org.springframework.test.context.junit4.statements.RunBeforeTestExecutionCallbacks.evaluate(RunBeforeTestExecutionCallbacks.java:74)
	at org.springframework.test.context.junit4.statements.RunAfterTestExecutionCallbacks.evaluate(RunAfterTestExecutionCallbacks.java:84)
	at org.springframework.test.context.junit4.statements.RunBeforeTestMethodCallbacks.evaluate(RunBeforeTestMethodCallbacks.java:75)
	at org.springframework.test.context.junit4.statements.RunAfterTestMethodCallbacks.evaluate(RunAfterTestMethodCallbacks.java:86)
	at org.springframework.test.context.junit4.statements.SpringRepeat.evaluate(SpringRepeat.java:84)
	at org.junit.runners.ParentRunner.runLeaf(ParentRunner.java:366)
	at org.springframework.test.context.junit4.SpringJUnit4ClassRunner.runChild(SpringJUnit4ClassRunner.java:251)
	at org.springframework.test.context.junit4.SpringJUnit4ClassRunner.runChild(SpringJUnit4ClassRunner.java:97)
	at org.junit.runners.ParentRunner$4.run(ParentRunner.java:331)
	at org.junit.runners.ParentRunner$1.schedule(ParentRunner.java:79)
	at org.junit.runners.ParentRunner.runChildren(ParentRunner.java:329)
	at org.junit.runners.ParentRunner.access$100(ParentRunner.java:66)
	at org.junit.runners.ParentRunner$2.evaluate(ParentRunner.java:293)
	at org.springframework.test.context.junit4.statements.RunBeforeTestClassCallbacks.evaluate(RunBeforeTestClassCallbacks.java:61)
	at org.springframework.test.context.junit4.statements.RunAfterTestClassCallbacks.evaluate(RunAfterTestClassCallbacks.java:70)
	at org.junit.runners.ParentRunner$3.evaluate(ParentRunner.java:306)
	at org.junit.runners.ParentRunner.run(ParentRunner.java:413)
	at org.springframework.test.context.junit4.SpringJUnit4ClassRunner.run(SpringJUnit4ClassRunner.java:190)
	at org.junit.runner.JUnitCore.run(JUnitCore.java:137)
	at com.intellij.junit4.JUnit4IdeaTestRunner.startRunnerWithArgs(JUnit4IdeaTestRunner.java:69)
	at com.intellij.rt.junit.IdeaTestRunner$Repeater$1.execute(IdeaTestRunner.java:38)
	at com.intellij.rt.execution.junit.TestsRepeater.repeat(TestsRepeater.java:11)
	at com.intellij.rt.junit.IdeaTestRunner$Repeater.startRunnerWithArgs(IdeaTestRunner.java:35)
	at com.intellij.rt.junit.JUnitStarter.prepareStreamsAndStart(JUnitStarter.java:231)
	at com.intellij.rt.junit.JUnitStarter.main(JUnitStarter.java:55)
25-07-13.14:27:58.654 [main            ] INFO  EndNode                - 拼团商品查询试算服务-EndNode userId:test_wzy_1 requestParameter:{"activityId":100123,"channel":"c01","goodsId":"9890001","source":"s01","userId":"test_wzy_1"}
25-07-13.14:27:58.655 [main            ] INFO  TradeLockOrderService  - 拼团交易-查询未支付营销订单:test_wzy_1 outTradeNo:909000098111
25-07-13.14:27:58.695 [main            ] INFO  TradeLockOrderService  - 拼团交易-锁定营销优惠支付订单:test_wzy_1 activityId:100123 goodsId:9890001
25-07-13.14:27:58.696 [main            ] INFO  ActivityUsabilityRuleFilter - 交易规则过滤-活动的可用性校验test_wzy_1 activityId:100123
25-07-13.14:27:58.731 [main            ] INFO  UserTakeLimitRuleFilter - 交易规则过滤-用户参与次数校验test_wzy_1 activityId:100123
25-07-13.14:27:58.955 [SpringApplicationShutdownHook] INFO  HikariDataSource       - HikariPool-1 - Shutdown initiated...
25-07-13.14:27:59.126 [SpringApplicationShutdownHook] INFO  HikariDataSource       - HikariPool-1 - Shutdown completed.
25-07-13.14:40:59.813 [main            ] INFO  ITradeLockOrderServiceTest - Starting ITradeLockOrderServiceTest using Java 1.8.0_341 on wzy with PID 28816 (started by 吴泽宇 in C:\Users\吴泽宇\group-buy-market\group-buy-market-app)
25-07-13.14:40:59.815 [main            ] INFO  ITradeLockOrderServiceTest - The following 1 profile is active: "dev"
25-07-13.14:41:00.892 [main            ] INFO  RepositoryConfigurationDelegate - Multiple Spring Data modules found, entering strict repository configuration mode
25-07-13.14:41:00.896 [main            ] INFO  RepositoryConfigurationDelegate - Bootstrapping Spring Data Redis repositories in DEFAULT mode.
25-07-13.14:41:00.977 [main            ] INFO  RepositoryConfigurationDelegate - Finished Spring Data repository scanning in 65 ms. Found 0 Redis repository interfaces.
25-07-13.14:41:01.481 [main            ] INFO  PostProcessorRegistrationDelegate$BeanPostProcessorChecker - Bean 'redisClientConfig' of type [com.wuzeyu.config.RedisClientConfig$$EnhancerBySpringCGLIB$$8145a09a] is not eligible for getting processed by all BeanPostProcessors (for example: not eligible for auto-proxying)
25-07-13.14:41:01.936 [main            ] INFO  PostProcessorRegistrationDelegate$BeanPostProcessorChecker - Bean 'redis.sdk.config-com.wuzeyu.config.RedisClientConfigProperties' of type [com.wuzeyu.config.RedisClientConfigProperties] is not eligible for getting processed by all BeanPostProcessors (for example: not eligible for auto-proxying)
25-07-13.14:41:02.317 [main            ] INFO  Version                - Redisson 3.26.0
25-07-13.14:41:03.060 [redisson-netty-1-6] INFO  ConnectionsHolder      - 1 connections initialized for 47.122.26.159/47.122.26.159:6379
25-07-13.14:41:03.306 [redisson-netty-1-13] INFO  ConnectionsHolder      - 5 connections initialized for 47.122.26.159/47.122.26.159:6379
25-07-13.14:41:03.381 [main            ] INFO  PostProcessorRegistrationDelegate$BeanPostProcessorChecker - Bean 'redissonClient' of type [org.redisson.Redisson] is not eligible for getting processed by all BeanPostProcessors (for example: not eligible for auto-proxying)
25-07-13.14:41:04.522 [main            ] INFO  Version                - Redisson 3.26.0
25-07-13.14:41:04.645 [redisson-netty-5-6] INFO  ConnectionsHolder      - 1 connections initialized for 47.122.26.159/47.122.26.159:6379
25-07-13.14:41:04.910 [redisson-netty-5-13] INFO  ConnectionsHolder      - 5 connections initialized for 47.122.26.159/47.122.26.159:6379
25-07-13.14:41:07.166 [main            ] INFO  EndpointLinksResolver  - Exposing 1 endpoint(s) beneath base path '/actuator'
25-07-13.14:41:07.243 [main            ] INFO  ITradeLockOrderServiceTest - Started ITradeLockOrderServiceTest in 7.982 seconds (JVM running for 9.072)
25-07-13.14:41:07.674 [main            ] INFO  RootNode               - 拼团商品查询试算服务-RootNode userId:test_wzy_1 requestParameter:{"activityId":100123,"channel":"c01","goodsId":"9890001","source":"s01","userId":"test_wzy_1"}
25-07-13.14:41:07.684 [main            ] INFO  SwitchNode             - 拼团商品查询试算服务-SwitchNode userId:test_wzy_1 requestParameter:{"activityId":100123,"channel":"c01","goodsId":"9890001","source":"s01","userId":"test_wzy_1"}
25-07-13.14:41:07.713 [pool-2-thread-2 ] INFO  HikariDataSource       - HikariPool-1 - Starting...
25-07-13.14:41:08.360 [pool-2-thread-2 ] INFO  HikariDataSource       - HikariPool-1 - Start completed.
25-07-13.14:41:08.519 [main            ] INFO  MarketNode             - 拼团商品查询试算服务-MarketNode userId:test_wzy_1 异步线程加载数据「GroupBuyActivityDiscountVO、SkuVO」完成
25-07-13.14:41:08.519 [main            ] INFO  MarketNode             - 拼团商品查询试算服务-MarketNode userId:test_wzy_1 requestParameter:{"activityId":100123,"channel":"c01","goodsId":"9890001","source":"s01","userId":"test_wzy_1"}
25-07-13.14:41:08.519 [main            ] INFO  MJCalculateService     - 优惠策略折扣计算: 0
25-07-13.14:41:08.674 [main            ] ERROR RoaringBitmapService   - 反序列化 RoaringBitmap 失败 
java.io.IOException: org.roaringbitmap.InvalidRoaringFormat: I failed to find a valid cookie.
	at org.roaringbitmap.InvalidRoaringFormat.toIOException(InvalidRoaringFormat.java:36)
	at org.roaringbitmap.RoaringBitmap.deserialize(RoaringBitmap.java:1713)
	at com.wuzeyu.infrastructure.redis.RoaringBitmapService.getRoaringBitmap(RoaringBitmapService.java:91)
	at com.wuzeyu.infrastructure.adapter.repository.ActivityRepository.isTagCrowdRange(ActivityRepository.java:126)
	at com.wuzeyu.infrastructure.adapter.repository.ActivityRepository$$FastClassBySpringCGLIB$$6f0f028f.invoke(<generated>)
	at org.springframework.cglib.proxy.MethodProxy.invoke(MethodProxy.java:218)
	at org.springframework.aop.framework.CglibAopProxy$CglibMethodInvocation.invokeJoinpoint(CglibAopProxy.java:793)
	at org.springframework.aop.framework.ReflectiveMethodInvocation.proceed(ReflectiveMethodInvocation.java:163)
	at org.springframework.aop.framework.CglibAopProxy$CglibMethodInvocation.proceed(CglibAopProxy.java:763)
	at org.springframework.dao.support.PersistenceExceptionTranslationInterceptor.invoke(PersistenceExceptionTranslationInterceptor.java:137)
	at org.springframework.aop.framework.ReflectiveMethodInvocation.proceed(ReflectiveMethodInvocation.java:186)
	at org.springframework.aop.framework.CglibAopProxy$CglibMethodInvocation.proceed(CglibAopProxy.java:763)
	at org.springframework.aop.framework.CglibAopProxy$DynamicAdvisedInterceptor.intercept(CglibAopProxy.java:708)
	at com.wuzeyu.infrastructure.adapter.repository.ActivityRepository$$EnhancerBySpringCGLIB$$6e5954e4.isTagCrowdRange(<generated>)
	at com.wuzeyu.domain.activity.service.trial.node.TagNode.doApply(TagNode.java:42)
	at com.wuzeyu.domain.activity.service.trial.node.TagNode.doApply(TagNode.java:20)
	at com.wuzeyu.types.design.framework.tree.AbstractMultiThreadStrategyRouter.apply(AbstractMultiThreadStrategyRouter.java:33)
	at com.wuzeyu.types.design.framework.tree.AbstractMultiThreadStrategyRouter.router(AbstractMultiThreadStrategyRouter.java:22)
	at com.wuzeyu.domain.activity.service.trial.node.MarketNode.doApply(MarketNode.java:94)
	at com.wuzeyu.domain.activity.service.trial.node.MarketNode.doApply(MarketNode.java:28)
	at com.wuzeyu.types.design.framework.tree.AbstractMultiThreadStrategyRouter.apply(AbstractMultiThreadStrategyRouter.java:33)
	at com.wuzeyu.types.design.framework.tree.AbstractMultiThreadStrategyRouter.router(AbstractMultiThreadStrategyRouter.java:22)
	at com.wuzeyu.domain.activity.service.trial.node.SwitchNode.doApply(SwitchNode.java:47)
	at com.wuzeyu.domain.activity.service.trial.node.SwitchNode.doApply(SwitchNode.java:21)
	at com.wuzeyu.types.design.framework.tree.AbstractMultiThreadStrategyRouter.apply(AbstractMultiThreadStrategyRouter.java:33)
	at com.wuzeyu.types.design.framework.tree.AbstractMultiThreadStrategyRouter.router(AbstractMultiThreadStrategyRouter.java:22)
	at com.wuzeyu.domain.activity.service.trial.node.RootNode.doApply(RootNode.java:44)
	at com.wuzeyu.domain.activity.service.trial.node.RootNode.doApply(RootNode.java:22)
	at com.wuzeyu.types.design.framework.tree.AbstractMultiThreadStrategyRouter.apply(AbstractMultiThreadStrategyRouter.java:33)
	at com.wuzeyu.domain.activity.service.IIndexGroupBuyMarketServiceImpl.indexMarketTrial(IIndexGroupBuyMarketServiceImpl.java:33)
	at com.wuzeyu.test.domain.trade.ITradeLockOrderServiceTest.test_lockMarketPayOrder(ITradeLockOrderServiceTest.java:48)
	at sun.reflect.NativeMethodAccessorImpl.invoke0(Native Method)
	at sun.reflect.NativeMethodAccessorImpl.invoke(NativeMethodAccessorImpl.java:62)
	at sun.reflect.DelegatingMethodAccessorImpl.invoke(DelegatingMethodAccessorImpl.java:43)
	at java.lang.reflect.Method.invoke(Method.java:498)
	at org.junit.runners.model.FrameworkMethod$1.runReflectiveCall(FrameworkMethod.java:59)
	at org.junit.internal.runners.model.ReflectiveCallable.run(ReflectiveCallable.java:12)
	at org.junit.runners.model.FrameworkMethod.invokeExplosively(FrameworkMethod.java:56)
	at org.junit.internal.runners.statements.InvokeMethod.evaluate(InvokeMethod.java:17)
	at org.springframework.test.context.junit4.statements.RunBeforeTestExecutionCallbacks.evaluate(RunBeforeTestExecutionCallbacks.java:74)
	at org.springframework.test.context.junit4.statements.RunAfterTestExecutionCallbacks.evaluate(RunAfterTestExecutionCallbacks.java:84)
	at org.springframework.test.context.junit4.statements.RunBeforeTestMethodCallbacks.evaluate(RunBeforeTestMethodCallbacks.java:75)
	at org.springframework.test.context.junit4.statements.RunAfterTestMethodCallbacks.evaluate(RunAfterTestMethodCallbacks.java:86)
	at org.springframework.test.context.junit4.statements.SpringRepeat.evaluate(SpringRepeat.java:84)
	at org.junit.runners.ParentRunner.runLeaf(ParentRunner.java:366)
	at org.springframework.test.context.junit4.SpringJUnit4ClassRunner.runChild(SpringJUnit4ClassRunner.java:251)
	at org.springframework.test.context.junit4.SpringJUnit4ClassRunner.runChild(SpringJUnit4ClassRunner.java:97)
	at org.junit.runners.ParentRunner$4.run(ParentRunner.java:331)
	at org.junit.runners.ParentRunner$1.schedule(ParentRunner.java:79)
	at org.junit.runners.ParentRunner.runChildren(ParentRunner.java:329)
	at org.junit.runners.ParentRunner.access$100(ParentRunner.java:66)
	at org.junit.runners.ParentRunner$2.evaluate(ParentRunner.java:293)
	at org.springframework.test.context.junit4.statements.RunBeforeTestClassCallbacks.evaluate(RunBeforeTestClassCallbacks.java:61)
	at org.springframework.test.context.junit4.statements.RunAfterTestClassCallbacks.evaluate(RunAfterTestClassCallbacks.java:70)
	at org.junit.runners.ParentRunner$3.evaluate(ParentRunner.java:306)
	at org.junit.runners.ParentRunner.run(ParentRunner.java:413)
	at org.springframework.test.context.junit4.SpringJUnit4ClassRunner.run(SpringJUnit4ClassRunner.java:190)
	at org.junit.runner.JUnitCore.run(JUnitCore.java:137)
	at com.intellij.junit4.JUnit4IdeaTestRunner.startRunnerWithArgs(JUnit4IdeaTestRunner.java:69)
	at com.intellij.rt.junit.IdeaTestRunner$Repeater$1.execute(IdeaTestRunner.java:38)
	at com.intellij.rt.execution.junit.TestsRepeater.repeat(TestsRepeater.java:11)
	at com.intellij.rt.junit.IdeaTestRunner$Repeater.startRunnerWithArgs(IdeaTestRunner.java:35)
	at com.intellij.rt.junit.JUnitStarter.prepareStreamsAndStart(JUnitStarter.java:231)
	at com.intellij.rt.junit.JUnitStarter.main(JUnitStarter.java:55)
25-07-13.14:41:08.674 [main            ] INFO  EndNode                - 拼团商品查询试算服务-EndNode userId:test_wzy_1 requestParameter:{"activityId":100123,"channel":"c01","goodsId":"9890001","source":"s01","userId":"test_wzy_1"}
25-07-13.14:41:08.674 [main            ] INFO  TradeLockOrderService  - 拼团交易-查询未支付营销订单:test_wzy_1 outTradeNo:909000098111
25-07-13.14:41:08.718 [main            ] INFO  TradeLockOrderService  - 拼团交易-锁定营销优惠支付订单:test_wzy_1 activityId:100123 goodsId:9890001
25-07-13.14:41:08.718 [main            ] INFO  ActivityUsabilityRuleFilter - 交易规则过滤-活动的可用性校验test_wzy_1 activityId:100123
25-07-13.14:41:08.761 [main            ] INFO  UserTakeLimitRuleFilter - 交易规则过滤-用户参与次数校验test_wzy_1 activityId:100123
25-07-13.14:41:09.122 [SpringApplicationShutdownHook] INFO  HikariDataSource       - HikariPool-1 - Shutdown initiated...
25-07-13.14:41:09.484 [SpringApplicationShutdownHook] INFO  HikariDataSource       - HikariPool-1 - Shutdown completed.
25-07-13.14:42:37.137 [main            ] INFO  ITradeLockOrderServiceTest - Starting ITradeLockOrderServiceTest using Java 1.8.0_341 on wzy with PID 25216 (started by 吴泽宇 in C:\Users\吴泽宇\group-buy-market\group-buy-market-app)
25-07-13.14:42:37.138 [main            ] INFO  ITradeLockOrderServiceTest - The following 1 profile is active: "dev"
25-07-13.14:42:38.273 [main            ] INFO  RepositoryConfigurationDelegate - Multiple Spring Data modules found, entering strict repository configuration mode
25-07-13.14:42:38.276 [main            ] INFO  RepositoryConfigurationDelegate - Bootstrapping Spring Data Redis repositories in DEFAULT mode.
25-07-13.14:42:38.356 [main            ] INFO  RepositoryConfigurationDelegate - Finished Spring Data repository scanning in 65 ms. Found 0 Redis repository interfaces.
25-07-13.14:42:38.861 [main            ] INFO  PostProcessorRegistrationDelegate$BeanPostProcessorChecker - Bean 'redisClientConfig' of type [com.wuzeyu.config.RedisClientConfig$$EnhancerBySpringCGLIB$$b93d6388] is not eligible for getting processed by all BeanPostProcessors (for example: not eligible for auto-proxying)
25-07-13.14:42:39.305 [main            ] INFO  PostProcessorRegistrationDelegate$BeanPostProcessorChecker - Bean 'redis.sdk.config-com.wuzeyu.config.RedisClientConfigProperties' of type [com.wuzeyu.config.RedisClientConfigProperties] is not eligible for getting processed by all BeanPostProcessors (for example: not eligible for auto-proxying)
25-07-13.14:42:39.654 [main            ] INFO  Version                - Redisson 3.26.0
25-07-13.14:42:40.367 [redisson-netty-1-6] INFO  ConnectionsHolder      - 1 connections initialized for 47.122.26.159/47.122.26.159:6379
25-07-13.14:42:40.612 [redisson-netty-1-13] INFO  ConnectionsHolder      - 5 connections initialized for 47.122.26.159/47.122.26.159:6379
25-07-13.14:42:40.676 [main            ] INFO  PostProcessorRegistrationDelegate$BeanPostProcessorChecker - Bean 'redissonClient' of type [org.redisson.Redisson] is not eligible for getting processed by all BeanPostProcessors (for example: not eligible for auto-proxying)
25-07-13.14:42:41.831 [main            ] INFO  Version                - Redisson 3.26.0
25-07-13.14:42:41.947 [redisson-netty-5-6] INFO  ConnectionsHolder      - 1 connections initialized for 47.122.26.159/47.122.26.159:6379
25-07-13.14:42:42.197 [redisson-netty-5-13] INFO  ConnectionsHolder      - 5 connections initialized for 47.122.26.159/47.122.26.159:6379
25-07-13.14:42:44.528 [main            ] INFO  EndpointLinksResolver  - Exposing 1 endpoint(s) beneath base path '/actuator'
25-07-13.14:42:44.617 [main            ] INFO  ITradeLockOrderServiceTest - Started ITradeLockOrderServiceTest in 8.062 seconds (JVM running for 9.191)
25-07-13.14:42:45.059 [main            ] INFO  RootNode               - 拼团商品查询试算服务-RootNode userId:test_wzy_1 requestParameter:{"activityId":100123,"channel":"c01","goodsId":"9890001","source":"s01","userId":"test_wzy_1"}
25-07-13.14:42:45.069 [main            ] INFO  SwitchNode             - 拼团商品查询试算服务-SwitchNode userId:test_wzy_1 requestParameter:{"activityId":100123,"channel":"c01","goodsId":"9890001","source":"s01","userId":"test_wzy_1"}
25-07-13.14:42:45.098 [pool-2-thread-1 ] INFO  HikariDataSource       - HikariPool-1 - Starting...
25-07-13.14:42:45.775 [pool-2-thread-1 ] INFO  HikariDataSource       - HikariPool-1 - Start completed.
25-07-13.14:42:45.937 [main            ] INFO  MarketNode             - 拼团商品查询试算服务-MarketNode userId:test_wzy_1 异步线程加载数据「GroupBuyActivityDiscountVO、SkuVO」完成
25-07-13.14:42:45.938 [main            ] INFO  MarketNode             - 拼团商品查询试算服务-MarketNode userId:test_wzy_1 requestParameter:{"activityId":100123,"channel":"c01","goodsId":"9890001","source":"s01","userId":"test_wzy_1"}
25-07-13.14:42:45.938 [main            ] INFO  MJCalculateService     - 优惠策略折扣计算: 0
25-07-13.14:42:46.088 [main            ] ERROR RoaringBitmapService   - 反序列化 RoaringBitmap 失败 
java.io.IOException: org.roaringbitmap.InvalidRoaringFormat: I failed to find a valid cookie.
	at org.roaringbitmap.InvalidRoaringFormat.toIOException(InvalidRoaringFormat.java:36)
	at org.roaringbitmap.RoaringBitmap.deserialize(RoaringBitmap.java:1713)
	at com.wuzeyu.infrastructure.redis.RoaringBitmapService.getRoaringBitmap(RoaringBitmapService.java:91)
	at com.wuzeyu.infrastructure.adapter.repository.ActivityRepository.isTagCrowdRange(ActivityRepository.java:126)
	at com.wuzeyu.infrastructure.adapter.repository.ActivityRepository$$FastClassBySpringCGLIB$$6f0f028f.invoke(<generated>)
	at org.springframework.cglib.proxy.MethodProxy.invoke(MethodProxy.java:218)
	at org.springframework.aop.framework.CglibAopProxy$CglibMethodInvocation.invokeJoinpoint(CglibAopProxy.java:793)
	at org.springframework.aop.framework.ReflectiveMethodInvocation.proceed(ReflectiveMethodInvocation.java:163)
	at org.springframework.aop.framework.CglibAopProxy$CglibMethodInvocation.proceed(CglibAopProxy.java:763)
	at org.springframework.dao.support.PersistenceExceptionTranslationInterceptor.invoke(PersistenceExceptionTranslationInterceptor.java:137)
	at org.springframework.aop.framework.ReflectiveMethodInvocation.proceed(ReflectiveMethodInvocation.java:186)
	at org.springframework.aop.framework.CglibAopProxy$CglibMethodInvocation.proceed(CglibAopProxy.java:763)
	at org.springframework.aop.framework.CglibAopProxy$DynamicAdvisedInterceptor.intercept(CglibAopProxy.java:708)
	at com.wuzeyu.infrastructure.adapter.repository.ActivityRepository$$EnhancerBySpringCGLIB$$f221b0a1.isTagCrowdRange(<generated>)
	at com.wuzeyu.domain.activity.service.trial.node.TagNode.doApply(TagNode.java:42)
	at com.wuzeyu.domain.activity.service.trial.node.TagNode.doApply(TagNode.java:20)
	at com.wuzeyu.types.design.framework.tree.AbstractMultiThreadStrategyRouter.apply(AbstractMultiThreadStrategyRouter.java:33)
	at com.wuzeyu.types.design.framework.tree.AbstractMultiThreadStrategyRouter.router(AbstractMultiThreadStrategyRouter.java:22)
	at com.wuzeyu.domain.activity.service.trial.node.MarketNode.doApply(MarketNode.java:94)
	at com.wuzeyu.domain.activity.service.trial.node.MarketNode.doApply(MarketNode.java:28)
	at com.wuzeyu.types.design.framework.tree.AbstractMultiThreadStrategyRouter.apply(AbstractMultiThreadStrategyRouter.java:33)
	at com.wuzeyu.types.design.framework.tree.AbstractMultiThreadStrategyRouter.router(AbstractMultiThreadStrategyRouter.java:22)
	at com.wuzeyu.domain.activity.service.trial.node.SwitchNode.doApply(SwitchNode.java:47)
	at com.wuzeyu.domain.activity.service.trial.node.SwitchNode.doApply(SwitchNode.java:21)
	at com.wuzeyu.types.design.framework.tree.AbstractMultiThreadStrategyRouter.apply(AbstractMultiThreadStrategyRouter.java:33)
	at com.wuzeyu.types.design.framework.tree.AbstractMultiThreadStrategyRouter.router(AbstractMultiThreadStrategyRouter.java:22)
	at com.wuzeyu.domain.activity.service.trial.node.RootNode.doApply(RootNode.java:44)
	at com.wuzeyu.domain.activity.service.trial.node.RootNode.doApply(RootNode.java:22)
	at com.wuzeyu.types.design.framework.tree.AbstractMultiThreadStrategyRouter.apply(AbstractMultiThreadStrategyRouter.java:33)
	at com.wuzeyu.domain.activity.service.IIndexGroupBuyMarketServiceImpl.indexMarketTrial(IIndexGroupBuyMarketServiceImpl.java:33)
	at com.wuzeyu.test.domain.trade.ITradeLockOrderServiceTest.test_lockMarketPayOrder(ITradeLockOrderServiceTest.java:48)
	at sun.reflect.NativeMethodAccessorImpl.invoke0(Native Method)
	at sun.reflect.NativeMethodAccessorImpl.invoke(NativeMethodAccessorImpl.java:62)
	at sun.reflect.DelegatingMethodAccessorImpl.invoke(DelegatingMethodAccessorImpl.java:43)
	at java.lang.reflect.Method.invoke(Method.java:498)
	at org.junit.runners.model.FrameworkMethod$1.runReflectiveCall(FrameworkMethod.java:59)
	at org.junit.internal.runners.model.ReflectiveCallable.run(ReflectiveCallable.java:12)
	at org.junit.runners.model.FrameworkMethod.invokeExplosively(FrameworkMethod.java:56)
	at org.junit.internal.runners.statements.InvokeMethod.evaluate(InvokeMethod.java:17)
	at org.springframework.test.context.junit4.statements.RunBeforeTestExecutionCallbacks.evaluate(RunBeforeTestExecutionCallbacks.java:74)
	at org.springframework.test.context.junit4.statements.RunAfterTestExecutionCallbacks.evaluate(RunAfterTestExecutionCallbacks.java:84)
	at org.springframework.test.context.junit4.statements.RunBeforeTestMethodCallbacks.evaluate(RunBeforeTestMethodCallbacks.java:75)
	at org.springframework.test.context.junit4.statements.RunAfterTestMethodCallbacks.evaluate(RunAfterTestMethodCallbacks.java:86)
	at org.springframework.test.context.junit4.statements.SpringRepeat.evaluate(SpringRepeat.java:84)
	at org.junit.runners.ParentRunner.runLeaf(ParentRunner.java:366)
	at org.springframework.test.context.junit4.SpringJUnit4ClassRunner.runChild(SpringJUnit4ClassRunner.java:251)
	at org.springframework.test.context.junit4.SpringJUnit4ClassRunner.runChild(SpringJUnit4ClassRunner.java:97)
	at org.junit.runners.ParentRunner$4.run(ParentRunner.java:331)
	at org.junit.runners.ParentRunner$1.schedule(ParentRunner.java:79)
	at org.junit.runners.ParentRunner.runChildren(ParentRunner.java:329)
	at org.junit.runners.ParentRunner.access$100(ParentRunner.java:66)
	at org.junit.runners.ParentRunner$2.evaluate(ParentRunner.java:293)
	at org.springframework.test.context.junit4.statements.RunBeforeTestClassCallbacks.evaluate(RunBeforeTestClassCallbacks.java:61)
	at org.springframework.test.context.junit4.statements.RunAfterTestClassCallbacks.evaluate(RunAfterTestClassCallbacks.java:70)
	at org.junit.runners.ParentRunner$3.evaluate(ParentRunner.java:306)
	at org.junit.runners.ParentRunner.run(ParentRunner.java:413)
	at org.springframework.test.context.junit4.SpringJUnit4ClassRunner.run(SpringJUnit4ClassRunner.java:190)
	at org.junit.runner.JUnitCore.run(JUnitCore.java:137)
	at com.intellij.junit4.JUnit4IdeaTestRunner.startRunnerWithArgs(JUnit4IdeaTestRunner.java:69)
	at com.intellij.rt.junit.IdeaTestRunner$Repeater$1.execute(IdeaTestRunner.java:38)
	at com.intellij.rt.execution.junit.TestsRepeater.repeat(TestsRepeater.java:11)
	at com.intellij.rt.junit.IdeaTestRunner$Repeater.startRunnerWithArgs(IdeaTestRunner.java:35)
	at com.intellij.rt.junit.JUnitStarter.prepareStreamsAndStart(JUnitStarter.java:231)
	at com.intellij.rt.junit.JUnitStarter.main(JUnitStarter.java:55)
25-07-13.14:42:46.088 [main            ] INFO  EndNode                - 拼团商品查询试算服务-EndNode userId:test_wzy_1 requestParameter:{"activityId":100123,"channel":"c01","goodsId":"9890001","source":"s01","userId":"test_wzy_1"}
25-07-13.14:42:46.089 [main            ] INFO  TradeLockOrderService  - 拼团交易-查询未支付营销订单:test_wzy_1 outTradeNo:909000098111
25-07-13.14:42:46.137 [main            ] INFO  TradeLockOrderService  - 拼团交易-锁定营销优惠支付订单:test_wzy_1 activityId:100123 goodsId:9890001
25-07-13.14:42:46.138 [main            ] INFO  ActivityUsabilityRuleFilter - 交易规则过滤-活动的可用性校验test_wzy_1 activityId:100123
25-07-13.14:42:46.176 [main            ] INFO  UserTakeLimitRuleFilter - 交易规则过滤-用户参与次数校验test_wzy_1 activityId:100123
25-07-13.14:42:46.496 [main            ] INFO  ITradeLockOrderServiceTest - 测试结果(New):{"deductionPrice":10.00,"orderId":"063432937714","tradeOrderStatusEnumVO":"CREATE"}
25-07-13.14:42:46.564 [SpringApplicationShutdownHook] INFO  HikariDataSource       - HikariPool-1 - Shutdown initiated...
25-07-13.14:42:46.903 [SpringApplicationShutdownHook] INFO  HikariDataSource       - HikariPool-1 - Shutdown completed.
25-07-13.14:46:07.259 [main            ] INFO  ITagServiceTest        - Starting ITagServiceTest using Java 1.8.0_341 on wzy with PID 25532 (started by 吴泽宇 in C:\Users\吴泽宇\group-buy-market\group-buy-market-app)
25-07-13.14:46:07.260 [main            ] INFO  ITagServiceTest        - The following 1 profile is active: "dev"
25-07-13.14:46:08.394 [main            ] INFO  RepositoryConfigurationDelegate - Multiple Spring Data modules found, entering strict repository configuration mode
25-07-13.14:46:08.398 [main            ] INFO  RepositoryConfigurationDelegate - Bootstrapping Spring Data Redis repositories in DEFAULT mode.
25-07-13.14:46:08.471 [main            ] INFO  RepositoryConfigurationDelegate - Finished Spring Data repository scanning in 60 ms. Found 0 Redis repository interfaces.
25-07-13.14:46:08.974 [main            ] INFO  PostProcessorRegistrationDelegate$BeanPostProcessorChecker - Bean 'redisClientConfig' of type [com.wuzeyu.config.RedisClientConfig$$EnhancerBySpringCGLIB$$a20ba178] is not eligible for getting processed by all BeanPostProcessors (for example: not eligible for auto-proxying)
25-07-13.14:46:09.420 [main            ] INFO  PostProcessorRegistrationDelegate$BeanPostProcessorChecker - Bean 'redis.sdk.config-com.wuzeyu.config.RedisClientConfigProperties' of type [com.wuzeyu.config.RedisClientConfigProperties] is not eligible for getting processed by all BeanPostProcessors (for example: not eligible for auto-proxying)
25-07-13.14:46:09.761 [main            ] INFO  Version                - Redisson 3.26.0
25-07-13.14:46:10.537 [redisson-netty-1-6] INFO  ConnectionsHolder      - 1 connections initialized for 47.122.26.159/47.122.26.159:6379
25-07-13.14:46:11.245 [redisson-netty-1-13] INFO  ConnectionsHolder      - 5 connections initialized for 47.122.26.159/47.122.26.159:6379
25-07-13.14:46:11.310 [main            ] INFO  PostProcessorRegistrationDelegate$BeanPostProcessorChecker - Bean 'redissonClient' of type [org.redisson.Redisson] is not eligible for getting processed by all BeanPostProcessors (for example: not eligible for auto-proxying)
25-07-13.14:46:12.483 [main            ] INFO  Version                - Redisson 3.26.0
25-07-13.14:46:12.598 [redisson-netty-5-6] INFO  ConnectionsHolder      - 1 connections initialized for 47.122.26.159/47.122.26.159:6379
25-07-13.14:46:12.849 [redisson-netty-5-13] INFO  ConnectionsHolder      - 5 connections initialized for 47.122.26.159/47.122.26.159:6379
25-07-13.14:46:15.128 [main            ] INFO  EndpointLinksResolver  - Exposing 1 endpoint(s) beneath base path '/actuator'
25-07-13.14:46:15.204 [main            ] INFO  ITagServiceTest        - Started ITagServiceTest in 8.521 seconds (JVM running for 9.628)
25-07-13.14:46:15.542 [main            ] INFO  ITagServiceTest        - w 存在，预期结果为 true，测试结果:true
25-07-13.14:46:15.542 [main            ] INFO  ITagServiceTest        - bitch 不存在，预期结果为 false，测试结果:false
25-07-13.14:48:50.756 [main            ] INFO  ITradeLockOrderServiceTest - Starting ITradeLockOrderServiceTest using Java 1.8.0_341 on wzy with PID 26500 (started by 吴泽宇 in C:\Users\吴泽宇\group-buy-market\group-buy-market-app)
25-07-13.14:48:50.758 [main            ] INFO  ITradeLockOrderServiceTest - The following 1 profile is active: "dev"
25-07-13.14:48:51.901 [main            ] INFO  RepositoryConfigurationDelegate - Multiple Spring Data modules found, entering strict repository configuration mode
25-07-13.14:48:51.905 [main            ] INFO  RepositoryConfigurationDelegate - Bootstrapping Spring Data Redis repositories in DEFAULT mode.
25-07-13.14:48:51.999 [main            ] INFO  RepositoryConfigurationDelegate - Finished Spring Data repository scanning in 75 ms. Found 0 Redis repository interfaces.
25-07-13.14:48:52.458 [main            ] INFO  PostProcessorRegistrationDelegate$BeanPostProcessorChecker - Bean 'redisClientConfig' of type [com.wuzeyu.config.RedisClientConfig$$EnhancerBySpringCGLIB$$8145a09a] is not eligible for getting processed by all BeanPostProcessors (for example: not eligible for auto-proxying)
25-07-13.14:48:52.901 [main            ] INFO  PostProcessorRegistrationDelegate$BeanPostProcessorChecker - Bean 'redis.sdk.config-com.wuzeyu.config.RedisClientConfigProperties' of type [com.wuzeyu.config.RedisClientConfigProperties] is not eligible for getting processed by all BeanPostProcessors (for example: not eligible for auto-proxying)
25-07-13.14:48:53.248 [main            ] INFO  Version                - Redisson 3.26.0
25-07-13.14:48:54.011 [redisson-netty-1-8] INFO  ConnectionsHolder      - 1 connections initialized for 47.122.26.159/47.122.26.159:6379
25-07-13.14:48:54.236 [redisson-netty-1-13] INFO  ConnectionsHolder      - 5 connections initialized for 47.122.26.159/47.122.26.159:6379
25-07-13.14:48:54.316 [main            ] INFO  PostProcessorRegistrationDelegate$BeanPostProcessorChecker - Bean 'redissonClient' of type [org.redisson.Redisson] is not eligible for getting processed by all BeanPostProcessors (for example: not eligible for auto-proxying)
25-07-13.14:48:55.502 [main            ] INFO  Version                - Redisson 3.26.0
25-07-13.14:48:55.620 [redisson-netty-5-6] INFO  ConnectionsHolder      - 1 connections initialized for 47.122.26.159/47.122.26.159:6379
25-07-13.14:48:55.870 [redisson-netty-5-13] INFO  ConnectionsHolder      - 5 connections initialized for 47.122.26.159/47.122.26.159:6379
25-07-13.14:48:58.282 [main            ] INFO  EndpointLinksResolver  - Exposing 1 endpoint(s) beneath base path '/actuator'
25-07-13.14:48:58.370 [main            ] INFO  ITradeLockOrderServiceTest - Started ITradeLockOrderServiceTest in 8.193 seconds (JVM running for 9.286)
25-07-13.14:48:58.817 [main            ] INFO  RootNode               - 拼团商品查询试算服务-RootNode userId:test_wzy_1 requestParameter:{"activityId":100123,"channel":"c01","goodsId":"9890001","source":"s01","userId":"test_wzy_1"}
25-07-13.14:48:58.828 [main            ] INFO  SwitchNode             - 拼团商品查询试算服务-SwitchNode userId:test_wzy_1 requestParameter:{"activityId":100123,"channel":"c01","goodsId":"9890001","source":"s01","userId":"test_wzy_1"}
25-07-13.14:48:58.860 [pool-2-thread-1 ] INFO  HikariDataSource       - HikariPool-1 - Starting...
25-07-13.14:48:59.924 [pool-2-thread-1 ] INFO  HikariDataSource       - HikariPool-1 - Start completed.
25-07-13.14:49:00.163 [main            ] INFO  MarketNode             - 拼团商品查询试算服务-MarketNode userId:test_wzy_1 异步线程加载数据「GroupBuyActivityDiscountVO、SkuVO」完成
25-07-13.14:49:00.163 [main            ] INFO  MarketNode             - 拼团商品查询试算服务-MarketNode userId:test_wzy_1 requestParameter:{"activityId":100123,"channel":"c01","goodsId":"9890001","source":"s01","userId":"test_wzy_1"}
25-07-13.14:49:00.163 [main            ] INFO  MJCalculateService     - 优惠策略折扣计算: 0
25-07-13.14:49:00.428 [main            ] ERROR RoaringBitmapService   - 反序列化 RoaringBitmap 失败 
java.io.IOException: org.roaringbitmap.InvalidRoaringFormat: I failed to find a valid cookie.
	at org.roaringbitmap.InvalidRoaringFormat.toIOException(InvalidRoaringFormat.java:36)
	at org.roaringbitmap.RoaringBitmap.deserialize(RoaringBitmap.java:1713)
	at com.wuzeyu.infrastructure.redis.RoaringBitmapService.getRoaringBitmap(RoaringBitmapService.java:91)
	at com.wuzeyu.infrastructure.adapter.repository.ActivityRepository.isTagCrowdRange(ActivityRepository.java:126)
	at com.wuzeyu.infrastructure.adapter.repository.ActivityRepository$$FastClassBySpringCGLIB$$6f0f028f.invoke(<generated>)
	at org.springframework.cglib.proxy.MethodProxy.invoke(MethodProxy.java:218)
	at org.springframework.aop.framework.CglibAopProxy$CglibMethodInvocation.invokeJoinpoint(CglibAopProxy.java:793)
	at org.springframework.aop.framework.ReflectiveMethodInvocation.proceed(ReflectiveMethodInvocation.java:163)
	at org.springframework.aop.framework.CglibAopProxy$CglibMethodInvocation.proceed(CglibAopProxy.java:763)
	at org.springframework.dao.support.PersistenceExceptionTranslationInterceptor.invoke(PersistenceExceptionTranslationInterceptor.java:137)
	at org.springframework.aop.framework.ReflectiveMethodInvocation.proceed(ReflectiveMethodInvocation.java:186)
	at org.springframework.aop.framework.CglibAopProxy$CglibMethodInvocation.proceed(CglibAopProxy.java:763)
	at org.springframework.aop.framework.CglibAopProxy$DynamicAdvisedInterceptor.intercept(CglibAopProxy.java:708)
	at com.wuzeyu.infrastructure.adapter.repository.ActivityRepository$$EnhancerBySpringCGLIB$$6e5954e4.isTagCrowdRange(<generated>)
	at com.wuzeyu.domain.activity.service.trial.node.TagNode.doApply(TagNode.java:42)
	at com.wuzeyu.domain.activity.service.trial.node.TagNode.doApply(TagNode.java:20)
	at com.wuzeyu.types.design.framework.tree.AbstractMultiThreadStrategyRouter.apply(AbstractMultiThreadStrategyRouter.java:33)
	at com.wuzeyu.types.design.framework.tree.AbstractMultiThreadStrategyRouter.router(AbstractMultiThreadStrategyRouter.java:22)
	at com.wuzeyu.domain.activity.service.trial.node.MarketNode.doApply(MarketNode.java:94)
	at com.wuzeyu.domain.activity.service.trial.node.MarketNode.doApply(MarketNode.java:28)
	at com.wuzeyu.types.design.framework.tree.AbstractMultiThreadStrategyRouter.apply(AbstractMultiThreadStrategyRouter.java:33)
	at com.wuzeyu.types.design.framework.tree.AbstractMultiThreadStrategyRouter.router(AbstractMultiThreadStrategyRouter.java:22)
	at com.wuzeyu.domain.activity.service.trial.node.SwitchNode.doApply(SwitchNode.java:47)
	at com.wuzeyu.domain.activity.service.trial.node.SwitchNode.doApply(SwitchNode.java:21)
	at com.wuzeyu.types.design.framework.tree.AbstractMultiThreadStrategyRouter.apply(AbstractMultiThreadStrategyRouter.java:33)
	at com.wuzeyu.types.design.framework.tree.AbstractMultiThreadStrategyRouter.router(AbstractMultiThreadStrategyRouter.java:22)
	at com.wuzeyu.domain.activity.service.trial.node.RootNode.doApply(RootNode.java:44)
	at com.wuzeyu.domain.activity.service.trial.node.RootNode.doApply(RootNode.java:22)
	at com.wuzeyu.types.design.framework.tree.AbstractMultiThreadStrategyRouter.apply(AbstractMultiThreadStrategyRouter.java:33)
	at com.wuzeyu.domain.activity.service.IIndexGroupBuyMarketServiceImpl.indexMarketTrial(IIndexGroupBuyMarketServiceImpl.java:33)
	at com.wuzeyu.test.domain.trade.ITradeLockOrderServiceTest.test_lockMarketPayOrder(ITradeLockOrderServiceTest.java:48)
	at sun.reflect.NativeMethodAccessorImpl.invoke0(Native Method)
	at sun.reflect.NativeMethodAccessorImpl.invoke(NativeMethodAccessorImpl.java:62)
	at sun.reflect.DelegatingMethodAccessorImpl.invoke(DelegatingMethodAccessorImpl.java:43)
	at java.lang.reflect.Method.invoke(Method.java:498)
	at org.junit.runners.model.FrameworkMethod$1.runReflectiveCall(FrameworkMethod.java:59)
	at org.junit.internal.runners.model.ReflectiveCallable.run(ReflectiveCallable.java:12)
	at org.junit.runners.model.FrameworkMethod.invokeExplosively(FrameworkMethod.java:56)
	at org.junit.internal.runners.statements.InvokeMethod.evaluate(InvokeMethod.java:17)
	at org.springframework.test.context.junit4.statements.RunBeforeTestExecutionCallbacks.evaluate(RunBeforeTestExecutionCallbacks.java:74)
	at org.springframework.test.context.junit4.statements.RunAfterTestExecutionCallbacks.evaluate(RunAfterTestExecutionCallbacks.java:84)
	at org.springframework.test.context.junit4.statements.RunBeforeTestMethodCallbacks.evaluate(RunBeforeTestMethodCallbacks.java:75)
	at org.springframework.test.context.junit4.statements.RunAfterTestMethodCallbacks.evaluate(RunAfterTestMethodCallbacks.java:86)
	at org.springframework.test.context.junit4.statements.SpringRepeat.evaluate(SpringRepeat.java:84)
	at org.junit.runners.ParentRunner.runLeaf(ParentRunner.java:366)
	at org.springframework.test.context.junit4.SpringJUnit4ClassRunner.runChild(SpringJUnit4ClassRunner.java:251)
	at org.springframework.test.context.junit4.SpringJUnit4ClassRunner.runChild(SpringJUnit4ClassRunner.java:97)
	at org.junit.runners.ParentRunner$4.run(ParentRunner.java:331)
	at org.junit.runners.ParentRunner$1.schedule(ParentRunner.java:79)
	at org.junit.runners.ParentRunner.runChildren(ParentRunner.java:329)
	at org.junit.runners.ParentRunner.access$100(ParentRunner.java:66)
	at org.junit.runners.ParentRunner$2.evaluate(ParentRunner.java:293)
	at org.springframework.test.context.junit4.statements.RunBeforeTestClassCallbacks.evaluate(RunBeforeTestClassCallbacks.java:61)
	at org.springframework.test.context.junit4.statements.RunAfterTestClassCallbacks.evaluate(RunAfterTestClassCallbacks.java:70)
	at org.junit.runners.ParentRunner$3.evaluate(ParentRunner.java:306)
	at org.junit.runners.ParentRunner.run(ParentRunner.java:413)
	at org.springframework.test.context.junit4.SpringJUnit4ClassRunner.run(SpringJUnit4ClassRunner.java:190)
	at org.junit.runner.JUnitCore.run(JUnitCore.java:137)
	at com.intellij.junit4.JUnit4IdeaTestRunner.startRunnerWithArgs(JUnit4IdeaTestRunner.java:69)
	at com.intellij.rt.junit.IdeaTestRunner$Repeater$1.execute(IdeaTestRunner.java:38)
	at com.intellij.rt.execution.junit.TestsRepeater.repeat(TestsRepeater.java:11)
	at com.intellij.rt.junit.IdeaTestRunner$Repeater.startRunnerWithArgs(IdeaTestRunner.java:35)
	at com.intellij.rt.junit.JUnitStarter.prepareStreamsAndStart(JUnitStarter.java:231)
	at com.intellij.rt.junit.JUnitStarter.main(JUnitStarter.java:55)
25-07-13.14:49:00.428 [main            ] INFO  EndNode                - 拼团商品查询试算服务-EndNode userId:test_wzy_1 requestParameter:{"activityId":100123,"channel":"c01","goodsId":"9890001","source":"s01","userId":"test_wzy_1"}
25-07-13.14:49:00.429 [main            ] INFO  TradeLockOrderService  - 拼团交易-查询未支付营销订单:test_wzy_1 outTradeNo:909000098111
25-07-13.14:49:00.476 [main            ] INFO  ITradeLockOrderServiceTest - 测试结果(Old):{"deductionPrice":10.00,"orderId":"063432937714","originalPrice":100.00,"teamId":"77374570","tradeOrderStatusEnumVO":"CREATE"}
25-07-13.14:49:00.569 [SpringApplicationShutdownHook] INFO  HikariDataSource       - HikariPool-1 - Shutdown initiated...
25-07-13.14:49:01.180 [SpringApplicationShutdownHook] INFO  HikariDataSource       - HikariPool-1 - Shutdown completed.
25-07-13.14:51:38.677 [main            ] INFO  ITradeLockOrderServiceTest - Starting ITradeLockOrderServiceTest using Java 1.8.0_341 on wzy with PID 5544 (started by 吴泽宇 in C:\Users\吴泽宇\group-buy-market\group-buy-market-app)
25-07-13.14:51:38.678 [main            ] INFO  ITradeLockOrderServiceTest - The following 1 profile is active: "dev"
25-07-13.14:51:39.792 [main            ] INFO  RepositoryConfigurationDelegate - Multiple Spring Data modules found, entering strict repository configuration mode
25-07-13.14:51:39.797 [main            ] INFO  RepositoryConfigurationDelegate - Bootstrapping Spring Data Redis repositories in DEFAULT mode.
25-07-13.14:51:39.883 [main            ] INFO  RepositoryConfigurationDelegate - Finished Spring Data repository scanning in 70 ms. Found 0 Redis repository interfaces.
25-07-13.14:51:40.405 [main            ] INFO  PostProcessorRegistrationDelegate$BeanPostProcessorChecker - Bean 'redisClientConfig' of type [com.wuzeyu.config.RedisClientConfig$$EnhancerBySpringCGLIB$$b93d6388] is not eligible for getting processed by all BeanPostProcessors (for example: not eligible for auto-proxying)
25-07-13.14:51:40.843 [main            ] INFO  PostProcessorRegistrationDelegate$BeanPostProcessorChecker - Bean 'redis.sdk.config-com.wuzeyu.config.RedisClientConfigProperties' of type [com.wuzeyu.config.RedisClientConfigProperties] is not eligible for getting processed by all BeanPostProcessors (for example: not eligible for auto-proxying)
25-07-13.14:51:41.195 [main            ] INFO  Version                - Redisson 3.26.0
25-07-13.14:51:41.918 [redisson-netty-1-6] INFO  ConnectionsHolder      - 1 connections initialized for 47.122.26.159/47.122.26.159:6379
25-07-13.14:51:42.174 [redisson-netty-1-13] INFO  ConnectionsHolder      - 5 connections initialized for 47.122.26.159/47.122.26.159:6379
25-07-13.14:51:42.251 [main            ] INFO  PostProcessorRegistrationDelegate$BeanPostProcessorChecker - Bean 'redissonClient' of type [org.redisson.Redisson] is not eligible for getting processed by all BeanPostProcessors (for example: not eligible for auto-proxying)
25-07-13.14:51:43.455 [main            ] INFO  Version                - Redisson 3.26.0
25-07-13.14:51:43.571 [redisson-netty-5-6] INFO  ConnectionsHolder      - 1 connections initialized for 47.122.26.159/47.122.26.159:6379
25-07-13.14:51:43.831 [redisson-netty-5-13] INFO  ConnectionsHolder      - 5 connections initialized for 47.122.26.159/47.122.26.159:6379
25-07-13.14:51:46.219 [main            ] INFO  EndpointLinksResolver  - Exposing 1 endpoint(s) beneath base path '/actuator'
25-07-13.14:51:46.295 [main            ] INFO  ITradeLockOrderServiceTest - Started ITradeLockOrderServiceTest in 8.197 seconds (JVM running for 9.323)
25-07-13.14:51:46.756 [main            ] INFO  RootNode               - 拼团商品查询试算服务-RootNode userId:test_wzy_1 requestParameter:{"activityId":100123,"channel":"c01","goodsId":"9890001","source":"s01","userId":"test_wzy_1"}
25-07-13.14:51:46.766 [main            ] INFO  SwitchNode             - 拼团商品查询试算服务-SwitchNode userId:test_wzy_1 requestParameter:{"activityId":100123,"channel":"c01","goodsId":"9890001","source":"s01","userId":"test_wzy_1"}
25-07-13.14:51:46.795 [pool-2-thread-1 ] INFO  HikariDataSource       - HikariPool-1 - Starting...
25-07-13.14:51:47.453 [pool-2-thread-1 ] INFO  HikariDataSource       - HikariPool-1 - Start completed.
25-07-13.14:51:47.626 [main            ] INFO  MarketNode             - 拼团商品查询试算服务-MarketNode userId:test_wzy_1 异步线程加载数据「GroupBuyActivityDiscountVO、SkuVO」完成
25-07-13.14:51:47.626 [main            ] INFO  MarketNode             - 拼团商品查询试算服务-MarketNode userId:test_wzy_1 requestParameter:{"activityId":100123,"channel":"c01","goodsId":"9890001","source":"s01","userId":"test_wzy_1"}
25-07-13.14:51:47.626 [main            ] INFO  MJCalculateService     - 优惠策略折扣计算: 0
25-07-13.14:51:47.786 [main            ] ERROR RoaringBitmapService   - 反序列化 RoaringBitmap 失败 
java.io.IOException: org.roaringbitmap.InvalidRoaringFormat: I failed to find a valid cookie.
	at org.roaringbitmap.InvalidRoaringFormat.toIOException(InvalidRoaringFormat.java:36)
	at org.roaringbitmap.RoaringBitmap.deserialize(RoaringBitmap.java:1713)
	at com.wuzeyu.infrastructure.redis.RoaringBitmapService.getRoaringBitmap(RoaringBitmapService.java:91)
	at com.wuzeyu.infrastructure.adapter.repository.ActivityRepository.isTagCrowdRange(ActivityRepository.java:126)
	at com.wuzeyu.infrastructure.adapter.repository.ActivityRepository$$FastClassBySpringCGLIB$$6f0f028f.invoke(<generated>)
	at org.springframework.cglib.proxy.MethodProxy.invoke(MethodProxy.java:218)
	at org.springframework.aop.framework.CglibAopProxy$CglibMethodInvocation.invokeJoinpoint(CglibAopProxy.java:793)
	at org.springframework.aop.framework.ReflectiveMethodInvocation.proceed(ReflectiveMethodInvocation.java:163)
	at org.springframework.aop.framework.CglibAopProxy$CglibMethodInvocation.proceed(CglibAopProxy.java:763)
	at org.springframework.dao.support.PersistenceExceptionTranslationInterceptor.invoke(PersistenceExceptionTranslationInterceptor.java:137)
	at org.springframework.aop.framework.ReflectiveMethodInvocation.proceed(ReflectiveMethodInvocation.java:186)
	at org.springframework.aop.framework.CglibAopProxy$CglibMethodInvocation.proceed(CglibAopProxy.java:763)
	at org.springframework.aop.framework.CglibAopProxy$DynamicAdvisedInterceptor.intercept(CglibAopProxy.java:708)
	at com.wuzeyu.infrastructure.adapter.repository.ActivityRepository$$EnhancerBySpringCGLIB$$e9310bc5.isTagCrowdRange(<generated>)
	at com.wuzeyu.domain.activity.service.trial.node.TagNode.doApply(TagNode.java:42)
	at com.wuzeyu.domain.activity.service.trial.node.TagNode.doApply(TagNode.java:20)
	at com.wuzeyu.types.design.framework.tree.AbstractMultiThreadStrategyRouter.apply(AbstractMultiThreadStrategyRouter.java:33)
	at com.wuzeyu.types.design.framework.tree.AbstractMultiThreadStrategyRouter.router(AbstractMultiThreadStrategyRouter.java:22)
	at com.wuzeyu.domain.activity.service.trial.node.MarketNode.doApply(MarketNode.java:94)
	at com.wuzeyu.domain.activity.service.trial.node.MarketNode.doApply(MarketNode.java:28)
	at com.wuzeyu.types.design.framework.tree.AbstractMultiThreadStrategyRouter.apply(AbstractMultiThreadStrategyRouter.java:33)
	at com.wuzeyu.types.design.framework.tree.AbstractMultiThreadStrategyRouter.router(AbstractMultiThreadStrategyRouter.java:22)
	at com.wuzeyu.domain.activity.service.trial.node.SwitchNode.doApply(SwitchNode.java:47)
	at com.wuzeyu.domain.activity.service.trial.node.SwitchNode.doApply(SwitchNode.java:21)
	at com.wuzeyu.types.design.framework.tree.AbstractMultiThreadStrategyRouter.apply(AbstractMultiThreadStrategyRouter.java:33)
	at com.wuzeyu.types.design.framework.tree.AbstractMultiThreadStrategyRouter.router(AbstractMultiThreadStrategyRouter.java:22)
	at com.wuzeyu.domain.activity.service.trial.node.RootNode.doApply(RootNode.java:44)
	at com.wuzeyu.domain.activity.service.trial.node.RootNode.doApply(RootNode.java:22)
	at com.wuzeyu.types.design.framework.tree.AbstractMultiThreadStrategyRouter.apply(AbstractMultiThreadStrategyRouter.java:33)
	at com.wuzeyu.domain.activity.service.IIndexGroupBuyMarketServiceImpl.indexMarketTrial(IIndexGroupBuyMarketServiceImpl.java:33)
	at com.wuzeyu.test.domain.trade.ITradeLockOrderServiceTest.test_lockMarketPayOrder(ITradeLockOrderServiceTest.java:49)
	at sun.reflect.NativeMethodAccessorImpl.invoke0(Native Method)
	at sun.reflect.NativeMethodAccessorImpl.invoke(NativeMethodAccessorImpl.java:62)
	at sun.reflect.DelegatingMethodAccessorImpl.invoke(DelegatingMethodAccessorImpl.java:43)
	at java.lang.reflect.Method.invoke(Method.java:498)
	at org.junit.runners.model.FrameworkMethod$1.runReflectiveCall(FrameworkMethod.java:59)
	at org.junit.internal.runners.model.ReflectiveCallable.run(ReflectiveCallable.java:12)
	at org.junit.runners.model.FrameworkMethod.invokeExplosively(FrameworkMethod.java:56)
	at org.junit.internal.runners.statements.InvokeMethod.evaluate(InvokeMethod.java:17)
	at org.springframework.test.context.junit4.statements.RunBeforeTestExecutionCallbacks.evaluate(RunBeforeTestExecutionCallbacks.java:74)
	at org.springframework.test.context.junit4.statements.RunAfterTestExecutionCallbacks.evaluate(RunAfterTestExecutionCallbacks.java:84)
	at org.springframework.test.context.junit4.statements.RunBeforeTestMethodCallbacks.evaluate(RunBeforeTestMethodCallbacks.java:75)
	at org.springframework.test.context.junit4.statements.RunAfterTestMethodCallbacks.evaluate(RunAfterTestMethodCallbacks.java:86)
	at org.springframework.test.context.junit4.statements.SpringRepeat.evaluate(SpringRepeat.java:84)
	at org.junit.runners.ParentRunner.runLeaf(ParentRunner.java:366)
	at org.springframework.test.context.junit4.SpringJUnit4ClassRunner.runChild(SpringJUnit4ClassRunner.java:251)
	at org.springframework.test.context.junit4.SpringJUnit4ClassRunner.runChild(SpringJUnit4ClassRunner.java:97)
	at org.junit.runners.ParentRunner$4.run(ParentRunner.java:331)
	at org.junit.runners.ParentRunner$1.schedule(ParentRunner.java:79)
	at org.junit.runners.ParentRunner.runChildren(ParentRunner.java:329)
	at org.junit.runners.ParentRunner.access$100(ParentRunner.java:66)
	at org.junit.runners.ParentRunner$2.evaluate(ParentRunner.java:293)
	at org.springframework.test.context.junit4.statements.RunBeforeTestClassCallbacks.evaluate(RunBeforeTestClassCallbacks.java:61)
	at org.springframework.test.context.junit4.statements.RunAfterTestClassCallbacks.evaluate(RunAfterTestClassCallbacks.java:70)
	at org.junit.runners.ParentRunner$3.evaluate(ParentRunner.java:306)
	at org.junit.runners.ParentRunner.run(ParentRunner.java:413)
	at org.springframework.test.context.junit4.SpringJUnit4ClassRunner.run(SpringJUnit4ClassRunner.java:190)
	at org.junit.runner.JUnitCore.run(JUnitCore.java:137)
	at com.intellij.junit4.JUnit4IdeaTestRunner.startRunnerWithArgs(JUnit4IdeaTestRunner.java:69)
	at com.intellij.rt.junit.IdeaTestRunner$Repeater$1.execute(IdeaTestRunner.java:38)
	at com.intellij.rt.execution.junit.TestsRepeater.repeat(TestsRepeater.java:11)
	at com.intellij.rt.junit.IdeaTestRunner$Repeater.startRunnerWithArgs(IdeaTestRunner.java:35)
	at com.intellij.rt.junit.JUnitStarter.prepareStreamsAndStart(JUnitStarter.java:231)
	at com.intellij.rt.junit.JUnitStarter.main(JUnitStarter.java:55)
25-07-13.14:51:47.786 [main            ] INFO  EndNode                - 拼团商品查询试算服务-EndNode userId:test_wzy_1 requestParameter:{"activityId":100123,"channel":"c01","goodsId":"9890001","source":"s01","userId":"test_wzy_1"}
25-07-13.14:51:47.787 [main            ] INFO  TradeLockOrderService  - 拼团交易-查询未支付营销订单:test_wzy_1 outTradeNo:s5OID0wIN8AN
25-07-13.14:51:47.829 [main            ] INFO  TradeLockOrderService  - 拼团交易-锁定营销优惠支付订单:test_wzy_1 activityId:100123 goodsId:9890001
25-07-13.14:51:47.830 [main            ] INFO  ActivityUsabilityRuleFilter - 交易规则过滤-活动的可用性校验test_wzy_1 activityId:100123
25-07-13.14:51:47.869 [main            ] INFO  UserTakeLimitRuleFilter - 交易规则过滤-用户参与次数校验test_wzy_1 activityId:100123
25-07-13.14:51:47.908 [main            ] INFO  UserTakeLimitRuleFilter - 用户参与次数校验，已达可参与上限 activityId:100123
25-07-13.14:51:47.986 [SpringApplicationShutdownHook] INFO  HikariDataSource       - HikariPool-1 - Shutdown initiated...
25-07-13.14:51:48.197 [SpringApplicationShutdownHook] INFO  HikariDataSource       - HikariPool-1 - Shutdown completed.
25-07-13.14:55:58.058 [main            ] INFO  ITradeLockOrderServiceTest - Starting ITradeLockOrderServiceTest using Java 1.8.0_341 on wzy with PID 22160 (started by 吴泽宇 in C:\Users\吴泽宇\group-buy-market\group-buy-market-app)
25-07-13.14:55:58.059 [main            ] INFO  ITradeLockOrderServiceTest - The following 1 profile is active: "dev"
25-07-13.14:55:59.202 [main            ] INFO  RepositoryConfigurationDelegate - Multiple Spring Data modules found, entering strict repository configuration mode
25-07-13.14:55:59.206 [main            ] INFO  RepositoryConfigurationDelegate - Bootstrapping Spring Data Redis repositories in DEFAULT mode.
25-07-13.14:55:59.282 [main            ] INFO  RepositoryConfigurationDelegate - Finished Spring Data repository scanning in 63 ms. Found 0 Redis repository interfaces.
25-07-13.14:55:59.777 [main            ] INFO  PostProcessorRegistrationDelegate$BeanPostProcessorChecker - Bean 'redisClientConfig' of type [com.wuzeyu.config.RedisClientConfig$$EnhancerBySpringCGLIB$$cf2c8975] is not eligible for getting processed by all BeanPostProcessors (for example: not eligible for auto-proxying)
25-07-13.14:56:00.235 [main            ] INFO  PostProcessorRegistrationDelegate$BeanPostProcessorChecker - Bean 'redis.sdk.config-com.wuzeyu.config.RedisClientConfigProperties' of type [com.wuzeyu.config.RedisClientConfigProperties] is not eligible for getting processed by all BeanPostProcessors (for example: not eligible for auto-proxying)
25-07-13.14:56:00.582 [main            ] INFO  Version                - Redisson 3.26.0
25-07-13.14:56:01.319 [redisson-netty-1-6] INFO  ConnectionsHolder      - 1 connections initialized for 47.122.26.159/47.122.26.159:6379
25-07-13.14:56:01.594 [redisson-netty-1-13] INFO  ConnectionsHolder      - 5 connections initialized for 47.122.26.159/47.122.26.159:6379
25-07-13.14:56:01.663 [main            ] INFO  PostProcessorRegistrationDelegate$BeanPostProcessorChecker - Bean 'redissonClient' of type [org.redisson.Redisson] is not eligible for getting processed by all BeanPostProcessors (for example: not eligible for auto-proxying)
25-07-13.14:56:02.873 [main            ] INFO  Version                - Redisson 3.26.0
25-07-13.14:56:03.002 [redisson-netty-5-6] INFO  ConnectionsHolder      - 1 connections initialized for 47.122.26.159/47.122.26.159:6379
25-07-13.14:56:03.264 [redisson-netty-5-13] INFO  ConnectionsHolder      - 5 connections initialized for 47.122.26.159/47.122.26.159:6379
25-07-13.14:56:05.553 [main            ] INFO  EndpointLinksResolver  - Exposing 1 endpoint(s) beneath base path '/actuator'
25-07-13.14:56:05.640 [main            ] INFO  ITradeLockOrderServiceTest - Started ITradeLockOrderServiceTest in 8.178 seconds (JVM running for 9.305)
25-07-13.14:56:06.090 [main            ] INFO  RootNode               - 拼团商品查询试算服务-RootNode userId:test_zyt_1 requestParameter:{"activityId":100123,"channel":"c01","goodsId":"9890001","source":"s01","userId":"test_zyt_1"}
25-07-13.14:56:06.103 [main            ] INFO  SwitchNode             - 拼团商品查询试算服务-SwitchNode userId:test_zyt_1 requestParameter:{"activityId":100123,"channel":"c01","goodsId":"9890001","source":"s01","userId":"test_zyt_1"}
25-07-13.14:56:06.140 [pool-2-thread-2 ] INFO  HikariDataSource       - HikariPool-1 - Starting...
25-07-13.14:56:06.746 [pool-2-thread-2 ] INFO  HikariDataSource       - HikariPool-1 - Start completed.
25-07-13.14:56:06.891 [main            ] INFO  MarketNode             - 拼团商品查询试算服务-MarketNode userId:test_zyt_1 异步线程加载数据「GroupBuyActivityDiscountVO、SkuVO」完成
25-07-13.14:56:06.891 [main            ] INFO  MarketNode             - 拼团商品查询试算服务-MarketNode userId:test_zyt_1 requestParameter:{"activityId":100123,"channel":"c01","goodsId":"9890001","source":"s01","userId":"test_zyt_1"}
25-07-13.14:56:06.891 [main            ] INFO  MJCalculateService     - 优惠策略折扣计算: 0
25-07-13.14:56:07.050 [main            ] ERROR RoaringBitmapService   - 反序列化 RoaringBitmap 失败 
java.io.IOException: org.roaringbitmap.InvalidRoaringFormat: I failed to find a valid cookie.
	at org.roaringbitmap.InvalidRoaringFormat.toIOException(InvalidRoaringFormat.java:36)
	at org.roaringbitmap.RoaringBitmap.deserialize(RoaringBitmap.java:1713)
	at com.wuzeyu.infrastructure.redis.RoaringBitmapService.getRoaringBitmap(RoaringBitmapService.java:91)
	at com.wuzeyu.infrastructure.adapter.repository.ActivityRepository.isTagCrowdRange(ActivityRepository.java:126)
	at com.wuzeyu.infrastructure.adapter.repository.ActivityRepository$$FastClassBySpringCGLIB$$6f0f028f.invoke(<generated>)
	at org.springframework.cglib.proxy.MethodProxy.invoke(MethodProxy.java:218)
	at org.springframework.aop.framework.CglibAopProxy$CglibMethodInvocation.invokeJoinpoint(CglibAopProxy.java:793)
	at org.springframework.aop.framework.ReflectiveMethodInvocation.proceed(ReflectiveMethodInvocation.java:163)
	at org.springframework.aop.framework.CglibAopProxy$CglibMethodInvocation.proceed(CglibAopProxy.java:763)
	at org.springframework.dao.support.PersistenceExceptionTranslationInterceptor.invoke(PersistenceExceptionTranslationInterceptor.java:137)
	at org.springframework.aop.framework.ReflectiveMethodInvocation.proceed(ReflectiveMethodInvocation.java:186)
	at org.springframework.aop.framework.CglibAopProxy$CglibMethodInvocation.proceed(CglibAopProxy.java:763)
	at org.springframework.aop.framework.CglibAopProxy$DynamicAdvisedInterceptor.intercept(CglibAopProxy.java:708)
	at com.wuzeyu.infrastructure.adapter.repository.ActivityRepository$$EnhancerBySpringCGLIB$$a122d7e1.isTagCrowdRange(<generated>)
	at com.wuzeyu.domain.activity.service.trial.node.TagNode.doApply(TagNode.java:42)
	at com.wuzeyu.domain.activity.service.trial.node.TagNode.doApply(TagNode.java:20)
	at com.wuzeyu.types.design.framework.tree.AbstractMultiThreadStrategyRouter.apply(AbstractMultiThreadStrategyRouter.java:33)
	at com.wuzeyu.types.design.framework.tree.AbstractMultiThreadStrategyRouter.router(AbstractMultiThreadStrategyRouter.java:22)
	at com.wuzeyu.domain.activity.service.trial.node.MarketNode.doApply(MarketNode.java:94)
	at com.wuzeyu.domain.activity.service.trial.node.MarketNode.doApply(MarketNode.java:28)
	at com.wuzeyu.types.design.framework.tree.AbstractMultiThreadStrategyRouter.apply(AbstractMultiThreadStrategyRouter.java:33)
	at com.wuzeyu.types.design.framework.tree.AbstractMultiThreadStrategyRouter.router(AbstractMultiThreadStrategyRouter.java:22)
	at com.wuzeyu.domain.activity.service.trial.node.SwitchNode.doApply(SwitchNode.java:47)
	at com.wuzeyu.domain.activity.service.trial.node.SwitchNode.doApply(SwitchNode.java:21)
	at com.wuzeyu.types.design.framework.tree.AbstractMultiThreadStrategyRouter.apply(AbstractMultiThreadStrategyRouter.java:33)
	at com.wuzeyu.types.design.framework.tree.AbstractMultiThreadStrategyRouter.router(AbstractMultiThreadStrategyRouter.java:22)
	at com.wuzeyu.domain.activity.service.trial.node.RootNode.doApply(RootNode.java:44)
	at com.wuzeyu.domain.activity.service.trial.node.RootNode.doApply(RootNode.java:22)
	at com.wuzeyu.types.design.framework.tree.AbstractMultiThreadStrategyRouter.apply(AbstractMultiThreadStrategyRouter.java:33)
	at com.wuzeyu.domain.activity.service.IIndexGroupBuyMarketServiceImpl.indexMarketTrial(IIndexGroupBuyMarketServiceImpl.java:33)
	at com.wuzeyu.test.domain.trade.ITradeLockOrderServiceTest.test_lockMarketPayOrder(ITradeLockOrderServiceTest.java:49)
	at sun.reflect.NativeMethodAccessorImpl.invoke0(Native Method)
	at sun.reflect.NativeMethodAccessorImpl.invoke(NativeMethodAccessorImpl.java:62)
	at sun.reflect.DelegatingMethodAccessorImpl.invoke(DelegatingMethodAccessorImpl.java:43)
	at java.lang.reflect.Method.invoke(Method.java:498)
	at org.junit.runners.model.FrameworkMethod$1.runReflectiveCall(FrameworkMethod.java:59)
	at org.junit.internal.runners.model.ReflectiveCallable.run(ReflectiveCallable.java:12)
	at org.junit.runners.model.FrameworkMethod.invokeExplosively(FrameworkMethod.java:56)
	at org.junit.internal.runners.statements.InvokeMethod.evaluate(InvokeMethod.java:17)
	at org.springframework.test.context.junit4.statements.RunBeforeTestExecutionCallbacks.evaluate(RunBeforeTestExecutionCallbacks.java:74)
	at org.springframework.test.context.junit4.statements.RunAfterTestExecutionCallbacks.evaluate(RunAfterTestExecutionCallbacks.java:84)
	at org.springframework.test.context.junit4.statements.RunBeforeTestMethodCallbacks.evaluate(RunBeforeTestMethodCallbacks.java:75)
	at org.springframework.test.context.junit4.statements.RunAfterTestMethodCallbacks.evaluate(RunAfterTestMethodCallbacks.java:86)
	at org.springframework.test.context.junit4.statements.SpringRepeat.evaluate(SpringRepeat.java:84)
	at org.junit.runners.ParentRunner.runLeaf(ParentRunner.java:366)
	at org.springframework.test.context.junit4.SpringJUnit4ClassRunner.runChild(SpringJUnit4ClassRunner.java:251)
	at org.springframework.test.context.junit4.SpringJUnit4ClassRunner.runChild(SpringJUnit4ClassRunner.java:97)
	at org.junit.runners.ParentRunner$4.run(ParentRunner.java:331)
	at org.junit.runners.ParentRunner$1.schedule(ParentRunner.java:79)
	at org.junit.runners.ParentRunner.runChildren(ParentRunner.java:329)
	at org.junit.runners.ParentRunner.access$100(ParentRunner.java:66)
	at org.junit.runners.ParentRunner$2.evaluate(ParentRunner.java:293)
	at org.springframework.test.context.junit4.statements.RunBeforeTestClassCallbacks.evaluate(RunBeforeTestClassCallbacks.java:61)
	at org.springframework.test.context.junit4.statements.RunAfterTestClassCallbacks.evaluate(RunAfterTestClassCallbacks.java:70)
	at org.junit.runners.ParentRunner$3.evaluate(ParentRunner.java:306)
	at org.junit.runners.ParentRunner.run(ParentRunner.java:413)
	at org.springframework.test.context.junit4.SpringJUnit4ClassRunner.run(SpringJUnit4ClassRunner.java:190)
	at org.junit.runner.JUnitCore.run(JUnitCore.java:137)
	at com.intellij.junit4.JUnit4IdeaTestRunner.startRunnerWithArgs(JUnit4IdeaTestRunner.java:69)
	at com.intellij.rt.junit.IdeaTestRunner$Repeater$1.execute(IdeaTestRunner.java:38)
	at com.intellij.rt.execution.junit.TestsRepeater.repeat(TestsRepeater.java:11)
	at com.intellij.rt.junit.IdeaTestRunner$Repeater.startRunnerWithArgs(IdeaTestRunner.java:35)
	at com.intellij.rt.junit.JUnitStarter.prepareStreamsAndStart(JUnitStarter.java:231)
	at com.intellij.rt.junit.JUnitStarter.main(JUnitStarter.java:55)
25-07-13.14:56:07.051 [main            ] INFO  EndNode                - 拼团商品查询试算服务-EndNode userId:test_zyt_1 requestParameter:{"activityId":100123,"channel":"c01","goodsId":"9890001","source":"s01","userId":"test_zyt_1"}
25-07-13.14:56:07.051 [main            ] INFO  TradeLockOrderService  - 拼团交易-查询未支付营销订单:test_zyt_1 outTradeNo:WEXP40gCv0eo
25-07-13.14:56:07.092 [main            ] INFO  TradeLockOrderService  - 拼团交易-锁定营销优惠支付订单:test_zyt_1 activityId:100123 goodsId:9890001
25-07-13.14:56:07.093 [main            ] INFO  ActivityUsabilityRuleFilter - 交易规则过滤-活动的可用性校验test_zyt_1 activityId:100123
25-07-13.14:56:07.130 [main            ] INFO  UserTakeLimitRuleFilter - 交易规则过滤-用户参与次数校验test_zyt_1 activityId:100123
25-07-13.14:56:07.411 [main            ] INFO  ITradeLockOrderServiceTest - 测试结果(New):{"deductionPrice":10.00,"orderId":"695972616216","tradeOrderStatusEnumVO":"CREATE"}
25-07-13.14:56:07.479 [SpringApplicationShutdownHook] INFO  HikariDataSource       - HikariPool-1 - Shutdown initiated...
25-07-13.14:56:07.879 [SpringApplicationShutdownHook] INFO  HikariDataSource       - HikariPool-1 - Shutdown completed.
25-07-13.15:09:16.401 [main            ] INFO  ITradeLockOrderServiceTest - Starting ITradeLockOrderServiceTest using Java 1.8.0_341 on wzy with PID 7716 (started by 吴泽宇 in C:\Users\吴泽宇\group-buy-market\group-buy-market-app)
25-07-13.15:09:16.403 [main            ] INFO  ITradeLockOrderServiceTest - The following 1 profile is active: "dev"
25-07-13.15:09:17.466 [main            ] INFO  RepositoryConfigurationDelegate - Multiple Spring Data modules found, entering strict repository configuration mode
25-07-13.15:09:17.470 [main            ] INFO  RepositoryConfigurationDelegate - Bootstrapping Spring Data Redis repositories in DEFAULT mode.
25-07-13.15:09:17.541 [main            ] INFO  RepositoryConfigurationDelegate - Finished Spring Data repository scanning in 57 ms. Found 0 Redis repository interfaces.
25-07-13.15:09:18.027 [main            ] INFO  PostProcessorRegistrationDelegate$BeanPostProcessorChecker - Bean 'redisClientConfig' of type [com.wuzeyu.config.RedisClientConfig$$EnhancerBySpringCGLIB$$8145a09a] is not eligible for getting processed by all BeanPostProcessors (for example: not eligible for auto-proxying)
25-07-13.15:09:18.483 [main            ] INFO  PostProcessorRegistrationDelegate$BeanPostProcessorChecker - Bean 'redis.sdk.config-com.wuzeyu.config.RedisClientConfigProperties' of type [com.wuzeyu.config.RedisClientConfigProperties] is not eligible for getting processed by all BeanPostProcessors (for example: not eligible for auto-proxying)
25-07-13.15:09:18.827 [main            ] INFO  Version                - Redisson 3.26.0
25-07-13.15:09:19.552 [redisson-netty-1-6] INFO  ConnectionsHolder      - 1 connections initialized for 47.122.26.159/47.122.26.159:6379
25-07-13.15:09:19.805 [redisson-netty-1-13] INFO  ConnectionsHolder      - 5 connections initialized for 47.122.26.159/47.122.26.159:6379
25-07-13.15:09:19.874 [main            ] INFO  PostProcessorRegistrationDelegate$BeanPostProcessorChecker - Bean 'redissonClient' of type [org.redisson.Redisson] is not eligible for getting processed by all BeanPostProcessors (for example: not eligible for auto-proxying)
25-07-13.15:09:21.030 [main            ] INFO  Version                - Redisson 3.26.0
25-07-13.15:09:21.146 [redisson-netty-5-6] INFO  ConnectionsHolder      - 1 connections initialized for 47.122.26.159/47.122.26.159:6379
25-07-13.15:09:21.396 [redisson-netty-5-13] INFO  ConnectionsHolder      - 5 connections initialized for 47.122.26.159/47.122.26.159:6379
25-07-13.15:09:23.699 [main            ] INFO  EndpointLinksResolver  - Exposing 1 endpoint(s) beneath base path '/actuator'
25-07-13.15:09:23.794 [main            ] INFO  ITradeLockOrderServiceTest - Started ITradeLockOrderServiceTest in 7.953 seconds (JVM running for 9.009)
25-07-13.15:09:24.232 [main            ] INFO  RootNode               - 拼团商品查询试算服务-RootNode userId:test_wzy requestParameter:{"activityId":100123,"channel":"c01","goodsId":"9890001","source":"s01","userId":"test_wzy"}
25-07-13.15:09:24.244 [main            ] INFO  SwitchNode             - 拼团商品查询试算服务-SwitchNode userId:test_wzy requestParameter:{"activityId":100123,"channel":"c01","goodsId":"9890001","source":"s01","userId":"test_wzy"}
25-07-13.15:09:24.272 [pool-2-thread-2 ] INFO  HikariDataSource       - HikariPool-1 - Starting...
25-07-13.15:09:24.902 [pool-2-thread-2 ] INFO  HikariDataSource       - HikariPool-1 - Start completed.
25-07-13.15:09:25.057 [main            ] INFO  MarketNode             - 拼团商品查询试算服务-MarketNode userId:test_wzy 异步线程加载数据「GroupBuyActivityDiscountVO、SkuVO」完成
25-07-13.15:09:25.057 [main            ] INFO  MarketNode             - 拼团商品查询试算服务-MarketNode userId:test_wzy requestParameter:{"activityId":100123,"channel":"c01","goodsId":"9890001","source":"s01","userId":"test_wzy"}
25-07-13.15:09:25.057 [main            ] INFO  MJCalculateService     - 优惠策略折扣计算: 0
25-07-13.15:09:25.140 [main            ] INFO  EndNode                - 拼团商品查询试算服务-EndNode userId:test_wzy requestParameter:{"activityId":100123,"channel":"c01","goodsId":"9890001","source":"s01","userId":"test_wzy"}
25-07-13.15:09:25.142 [main            ] INFO  TradeLockOrderService  - 拼团交易-查询未支付营销订单:test_wzy outTradeNo:055865973728
25-07-13.15:09:25.183 [main            ] INFO  TradeLockOrderService  - 拼团交易-锁定营销优惠支付订单:test_wzy activityId:100123 goodsId:9890001
25-07-13.15:09:25.185 [main            ] INFO  ActivityUsabilityRuleFilter - 交易规则过滤-活动的可用性校验test_wzy activityId:100123
25-07-13.15:09:25.226 [main            ] INFO  UserTakeLimitRuleFilter - 交易规则过滤-用户参与次数校验test_wzy activityId:100123
25-07-13.15:09:25.550 [main            ] INFO  ITradeLockOrderServiceTest - 测试结果(New):{"deductionPrice":10.00,"orderId":"869512324479","tradeOrderStatusEnumVO":"CREATE"}
25-07-13.15:09:25.626 [SpringApplicationShutdownHook] INFO  HikariDataSource       - HikariPool-1 - Shutdown initiated...
25-07-13.15:09:26.038 [SpringApplicationShutdownHook] INFO  HikariDataSource       - HikariPool-1 - Shutdown completed.
