25-02-26.07:44:21.843 [main            ] INFO  IIndexGroupBuyMarketServiceTest - Starting IIndexGroupBuyMarketServiceTest using Java 18.0.2 on wzy with PID 35728 (started by 吴泽宇 in C:\Users\吴泽宇\group-buy-market\group-buy-market-app)
25-02-26.07:44:21.843 [main            ] INFO  IIndexGroupBuyMarketServiceTest - The following 1 profile is active: "dev"
25-02-26.07:44:23.477 [main            ] INFO  IIndexGroupBuyMarketServiceTest - Started IIndexGroupBuyMarketServiceTest in 1.984 seconds (JVM running for 2.562)
25-02-26.07:44:23.973 [main            ] INFO  RootNode               - 拼团商品查询试算服务-RootNode userId:xiaofuge requestParameter:{"channel":"c01","goodsId":"9890001","source":"s01","userId":"xiaofuge"}
25-02-26.07:44:23.982 [main            ] INFO  SwitchNode             - 拼团商品查询试算服务-SwitchNode userId:xiaofuge requestParameter:{"channel":"c01","goodsId":"9890001","source":"s01","userId":"xiaofuge"}
25-02-26.07:44:23.987 [main            ] INFO  SwitchNode             - 拼团活动切量拦截 xiaofuge
25-02-26.07:45:40.114 [main            ] INFO  IIndexGroupBuyMarketServiceTest - Starting IIndexGroupBuyMarketServiceTest using Java 18.0.2 on wzy with PID 40508 (started by 吴泽宇 in C:\Users\吴泽宇\group-buy-market\group-buy-market-app)
25-02-26.07:45:40.115 [main            ] INFO  IIndexGroupBuyMarketServiceTest - The following 1 profile is active: "dev"
25-02-26.07:45:41.766 [main            ] INFO  IIndexGroupBuyMarketServiceTest - Started IIndexGroupBuyMarketServiceTest in 1.987 seconds (JVM running for 2.587)
25-02-26.07:45:42.276 [main            ] INFO  RootNode               - 拼团商品查询试算服务-RootNode userId:xiaofuge requestParameter:{"channel":"c01","goodsId":"9890001","source":"s01","userId":"xiaofuge"}
25-02-26.07:45:42.285 [main            ] INFO  SwitchNode             - 拼团商品查询试算服务-SwitchNode userId:xiaofuge requestParameter:{"channel":"c01","goodsId":"9890001","source":"s01","userId":"xiaofuge"}
25-02-26.07:45:42.308 [pool-2-thread-2 ] INFO  HikariDataSource       - HikariPool-1 - Starting...
25-02-26.07:45:42.819 [pool-2-thread-2 ] INFO  HikariDataSource       - HikariPool-1 - Start completed.
25-02-26.07:45:42.920 [main            ] INFO  MarketNode             - 拼团商品查询试算服务-MarketNode userId:xiaofuge 异步线程加载数据「GroupBuyActivityDiscountVO、SkuVO」完成
25-02-26.07:45:42.920 [main            ] INFO  ErrorNode              - 拼团商品查询试算服务-NoMarketNode userId:xiaofuge requestParameter:{"channel":"c01","goodsId":"9890001","source":"s01","userId":"xiaofuge"}
25-02-26.07:45:42.920 [main            ] INFO  IIndexGroupBuyMarketServiceTest - 请求参数:{"channel":"c01","goodsId":"9890001","source":"s01","userId":"xiaofuge"}
25-02-26.07:45:42.924 [main            ] INFO  IIndexGroupBuyMarketServiceTest - 返回结果:{}
25-02-26.07:45:42.931 [SpringApplicationShutdownHook] INFO  HikariDataSource       - HikariPool-1 - Shutdown initiated...
25-02-26.07:45:42.967 [SpringApplicationShutdownHook] INFO  HikariDataSource       - HikariPool-1 - Shutdown completed.
25-02-26.07:55:38.727 [main            ] INFO  IIndexGroupBuyMarketServiceTest - Starting IIndexGroupBuyMarketServiceTest using Java 18.0.2 on wzy with PID 24196 (started by 吴泽宇 in C:\Users\吴泽宇\group-buy-market\group-buy-market-app)
25-02-26.07:55:38.727 [main            ] INFO  IIndexGroupBuyMarketServiceTest - The following 1 profile is active: "dev"
25-02-26.07:55:40.350 [main            ] INFO  IIndexGroupBuyMarketServiceTest - Started IIndexGroupBuyMarketServiceTest in 1.955 seconds (JVM running for 2.552)
25-02-26.07:55:40.828 [main            ] INFO  RootNode               - 拼团商品查询试算服务-RootNode userId:xiaofuge requestParameter:{"channel":"c01","goodsId":"9890001","source":"s01","userId":"xiaofuge"}
25-02-26.07:55:40.836 [main            ] INFO  SwitchNode             - 拼团商品查询试算服务-SwitchNode userId:xiaofuge requestParameter:{"channel":"c01","goodsId":"9890001","source":"s01","userId":"xiaofuge"}
25-02-26.07:55:40.855 [pool-2-thread-1 ] INFO  HikariDataSource       - HikariPool-1 - Starting...
25-02-26.07:55:41.278 [pool-2-thread-1 ] INFO  HikariDataSource       - HikariPool-1 - Start completed.
25-02-26.07:55:41.358 [main            ] INFO  MarketNode             - 拼团商品查询试算服务-MarketNode userId:xiaofuge 异步线程加载数据「GroupBuyActivityDiscountVO、SkuVO」完成
25-02-26.07:55:41.358 [main            ] INFO  EndNode                - 拼团商品查询试算服务-EndNode userId:xiaofuge requestParameter:{"channel":"c01","goodsId":"9890001","source":"s01","userId":"xiaofuge"}
25-02-26.07:55:41.358 [main            ] INFO  IIndexGroupBuyMarketServiceTest - 请求参数:{"channel":"c01","goodsId":"9890001","source":"s01","userId":"xiaofuge"}
25-02-26.07:55:41.369 [main            ] INFO  IIndexGroupBuyMarketServiceTest - 返回结果:{"endTime":1796638780000,"goodsId":"9890001","goodsName":"《手写MyBatis：渐进式源码实践》","groupBuyActivityDiscountVO":{"activityId":100123,"activityName":"测试活动","enable":false,"endTime":1796638780000,"groupBuyDiscount":{"discountDesc":"满减优惠100-10元","discountName":"满减优惠100-10元","discountType":"BASE","marketExpr":"100,10","marketPlan":"MJ"},"groupType":0,"startTime":1733566780000,"status":1,"tagId":"RQ_KJHKL98UU78H66554GFDV","tagScope":"1,2","takeLimitCount":1,"target":3,"validTime":600,"visible":false},"isEnable":false,"isVisible":false,"originalPrice":100.00,"startTime":1733566780000,"targetCount":3}
25-02-26.07:55:41.377 [SpringApplicationShutdownHook] INFO  HikariDataSource       - HikariPool-1 - Shutdown initiated...
25-02-26.07:55:41.426 [SpringApplicationShutdownHook] INFO  HikariDataSource       - HikariPool-1 - Shutdown completed.
25-02-26.07:58:34.397 [main            ] INFO  IIndexGroupBuyMarketServiceTest - Starting IIndexGroupBuyMarketServiceTest using Java 18.0.2 on wzy with PID 42552 (started by 吴泽宇 in C:\Users\吴泽宇\group-buy-market\group-buy-market-app)
25-02-26.07:58:34.397 [main            ] INFO  IIndexGroupBuyMarketServiceTest - The following 1 profile is active: "dev"
25-02-26.07:58:36.096 [main            ] INFO  IIndexGroupBuyMarketServiceTest - Started IIndexGroupBuyMarketServiceTest in 2.042 seconds (JVM running for 2.643)
25-02-26.07:58:36.592 [main            ] INFO  RootNode               - 拼团商品查询试算服务-RootNode userId:xiaofuge requestParameter:{"channel":"c01","goodsId":"9890001","source":"s01","userId":"xiaofuge"}
25-02-26.07:58:36.602 [main            ] INFO  SwitchNode             - 拼团商品查询试算服务-SwitchNode userId:xiaofuge requestParameter:{"channel":"c01","goodsId":"9890001","source":"s01","userId":"xiaofuge"}
25-02-26.07:58:36.620 [pool-2-thread-2 ] INFO  HikariDataSource       - HikariPool-1 - Starting...
25-02-26.07:58:37.002 [pool-2-thread-2 ] INFO  HikariDataSource       - HikariPool-1 - Start completed.
25-02-26.07:58:37.081 [main            ] INFO  MarketNode             - 拼团商品查询试算服务-MarketNode userId:xiaofuge 异步线程加载数据「GroupBuyActivityDiscountVO、SkuVO」完成
25-02-26.07:58:37.081 [main            ] INFO  EndNode                - 拼团商品查询试算服务-EndNode userId:xiaofuge requestParameter:{"channel":"c01","goodsId":"9890001","source":"s01","userId":"xiaofuge"}
25-02-26.07:58:37.081 [main            ] INFO  IIndexGroupBuyMarketServiceTest - 请求参数:{"channel":"c01","goodsId":"9890001","source":"s01","userId":"xiaofuge"}
25-02-26.07:58:37.090 [main            ] INFO  IIndexGroupBuyMarketServiceTest - 返回结果:{"endTime":1796638780000,"goodsId":"9890001","goodsName":"《手写MyBatis：渐进式源码实践》","groupBuyActivityDiscountVO":{"activityId":100123,"activityName":"测试活动","enable":false,"endTime":1796638780000,"groupBuyDiscount":{"discountDesc":"满减优惠100-10元","discountName":"满减优惠100-10元","discountType":"BASE","marketExpr":"100,10","marketPlan":"MJ"},"groupType":0,"startTime":1733566780000,"status":1,"tagId":"RQ_KJHKL98UU78H66554GFDV","tagScope":"1,2","takeLimitCount":1,"target":3,"validTime":600,"visible":false},"isEnable":false,"isVisible":false,"originalPrice":100.00,"startTime":1733566780000,"targetCount":3}
25-02-26.07:58:37.098 [SpringApplicationShutdownHook] INFO  HikariDataSource       - HikariPool-1 - Shutdown initiated...
25-02-26.07:58:37.149 [SpringApplicationShutdownHook] INFO  HikariDataSource       - HikariPool-1 - Shutdown completed.
25-02-26.08:00:51.351 [main            ] INFO  IIndexGroupBuyMarketServiceTest - Starting IIndexGroupBuyMarketServiceTest using Java 18.0.2 on wzy with PID 16348 (started by 吴泽宇 in C:\Users\吴泽宇\group-buy-market\group-buy-market-app)
25-02-26.08:00:51.352 [main            ] INFO  IIndexGroupBuyMarketServiceTest - The following 1 profile is active: "dev"
25-02-26.08:00:52.981 [main            ] INFO  IIndexGroupBuyMarketServiceTest - Started IIndexGroupBuyMarketServiceTest in 1.965 seconds (JVM running for 2.597)
25-02-26.08:00:53.515 [main            ] INFO  RootNode               - 拼团商品查询试算服务-RootNode userId:xiaofuge requestParameter:{"channel":"c01","goodsId":"9890002","source":"s01","userId":"xiaofuge"}
25-02-26.08:00:53.523 [main            ] INFO  SwitchNode             - 拼团商品查询试算服务-SwitchNode userId:xiaofuge requestParameter:{"channel":"c01","goodsId":"9890002","source":"s01","userId":"xiaofuge"}
25-02-26.08:00:53.541 [pool-2-thread-1 ] INFO  HikariDataSource       - HikariPool-1 - Starting...
25-02-26.08:00:53.944 [pool-2-thread-1 ] INFO  HikariDataSource       - HikariPool-1 - Start completed.
25-02-26.08:00:54.004 [SpringApplicationShutdownHook] INFO  HikariDataSource       - HikariPool-1 - Shutdown initiated...
25-02-26.08:00:54.111 [SpringApplicationShutdownHook] INFO  HikariDataSource       - HikariPool-1 - Shutdown completed.
25-02-26.08:01:01.847 [main            ] INFO  IIndexGroupBuyMarketServiceTest - Starting IIndexGroupBuyMarketServiceTest using Java 18.0.2 on wzy with PID 15884 (started by 吴泽宇 in C:\Users\吴泽宇\group-buy-market\group-buy-market-app)
25-02-26.08:01:01.847 [main            ] INFO  IIndexGroupBuyMarketServiceTest - The following 1 profile is active: "dev"
25-02-26.08:01:03.530 [main            ] INFO  IIndexGroupBuyMarketServiceTest - Started IIndexGroupBuyMarketServiceTest in 2.014 seconds (JVM running for 2.614)
25-02-26.08:01:04.000 [main            ] INFO  RootNode               - 拼团商品查询试算服务-RootNode userId:xiaofuge requestParameter:{"channel":"c01","goodsId":"9890001","source":"s01","userId":"xiaofuge"}
25-02-26.08:01:04.009 [main            ] INFO  SwitchNode             - 拼团商品查询试算服务-SwitchNode userId:xiaofuge requestParameter:{"channel":"c01","goodsId":"9890001","source":"s01","userId":"xiaofuge"}
25-02-26.08:01:04.030 [pool-2-thread-1 ] INFO  HikariDataSource       - HikariPool-1 - Starting...
25-02-26.08:01:04.422 [pool-2-thread-1 ] INFO  HikariDataSource       - HikariPool-1 - Start completed.
25-02-26.08:01:04.524 [main            ] INFO  MarketNode             - 拼团商品查询试算服务-MarketNode userId:xiaofuge 异步线程加载数据「GroupBuyActivityDiscountVO、SkuVO」完成
25-02-26.08:01:04.524 [main            ] INFO  EndNode                - 拼团商品查询试算服务-EndNode userId:xiaofuge requestParameter:{"channel":"c01","goodsId":"9890001","source":"s01","userId":"xiaofuge"}
25-02-26.08:01:04.525 [main            ] INFO  IIndexGroupBuyMarketServiceTest - 请求参数:{"channel":"c01","goodsId":"9890001","source":"s01","userId":"xiaofuge"}
25-02-26.08:01:04.533 [main            ] INFO  IIndexGroupBuyMarketServiceTest - 返回结果:{"endTime":1796638780000,"goodsId":"9890001","goodsName":"《手写MyBatis：渐进式源码实践》","groupBuyActivityDiscountVO":{"activityId":100123,"activityName":"测试活动","enable":false,"endTime":1796638780000,"groupBuyDiscount":{"discountDesc":"满减优惠100-10元","discountName":"满减优惠100-10元","discountType":"BASE","marketExpr":"100,10","marketPlan":"MJ"},"groupType":0,"startTime":1733566780000,"status":1,"tagId":"RQ_KJHKL98UU78H66554GFDV","tagScope":"1,2","takeLimitCount":1,"target":3,"validTime":600,"visible":false},"isEnable":false,"isVisible":false,"originalPrice":100.00,"startTime":1733566780000,"targetCount":3}
25-02-26.08:01:04.543 [SpringApplicationShutdownHook] INFO  HikariDataSource       - HikariPool-1 - Shutdown initiated...
25-02-26.08:01:04.571 [SpringApplicationShutdownHook] INFO  HikariDataSource       - HikariPool-1 - Shutdown completed.
25-02-26.08:09:49.567 [main            ] INFO  IIndexGroupBuyMarketServiceTest - Starting IIndexGroupBuyMarketServiceTest using Java 18.0.2 on wzy with PID 29648 (started by 吴泽宇 in C:\Users\吴泽宇\group-buy-market\group-buy-market-app)
25-02-26.08:09:49.568 [main            ] INFO  IIndexGroupBuyMarketServiceTest - The following 1 profile is active: "dev"
25-02-26.08:09:51.247 [main            ] INFO  IIndexGroupBuyMarketServiceTest - Started IIndexGroupBuyMarketServiceTest in 2.022 seconds (JVM running for 2.624)
25-02-26.08:09:51.773 [main            ] INFO  RootNode               - 拼团商品查询试算服务-RootNode userId:xiaofuge requestParameter:{"channel":"c01","goodsId":"9890001","source":"s01","userId":"xiaofuge"}
25-02-26.08:09:51.783 [main            ] INFO  SwitchNode             - 拼团商品查询试算服务-SwitchNode userId:xiaofuge requestParameter:{"channel":"c01","goodsId":"9890001","source":"s01","userId":"xiaofuge"}
25-02-26.08:09:51.804 [pool-2-thread-2 ] INFO  HikariDataSource       - HikariPool-1 - Starting...
25-02-26.08:09:52.231 [pool-2-thread-2 ] INFO  HikariDataSource       - HikariPool-1 - Start completed.
25-02-26.08:09:52.342 [main            ] INFO  MarketNode             - 拼团商品查询试算服务-MarketNode userId:xiaofuge 异步线程加载数据「GroupBuyActivityDiscountVO、SkuVO」完成
25-02-26.08:09:52.342 [main            ] INFO  EndNode                - 拼团商品查询试算服务-EndNode userId:xiaofuge requestParameter:{"channel":"c01","goodsId":"9890001","source":"s01","userId":"xiaofuge"}
25-02-26.08:09:52.343 [main            ] INFO  IIndexGroupBuyMarketServiceTest - 请求参数:{"channel":"c01","goodsId":"9890001","source":"s01","userId":"xiaofuge"}
25-02-26.08:09:52.347 [main            ] INFO  IIndexGroupBuyMarketServiceTest - 返回结果:{"deductionPrice":0.00,"endTime":1796638780000,"goodsId":"9890001","goodsName":"《手写MyBatis：渐进式源码实践》","isEnable":false,"isVisible":false,"originalPrice":100.00,"startTime":1733566780000,"targetCount":3}
25-02-26.08:09:52.355 [SpringApplicationShutdownHook] INFO  HikariDataSource       - HikariPool-1 - Shutdown initiated...
25-02-26.08:09:52.378 [SpringApplicationShutdownHook] INFO  HikariDataSource       - HikariPool-1 - Shutdown completed.
